R
A
I
s
m
B
a
L
S
i
U
D
C
n
N
K
X
o
b
E
G
M
O
T
t
f
F
Z
e
V
d
in
zu
im
es
an
er
um
am
so
In
Es
Im
Er
DM
da
ab
So
ob
wo
Am
Da
ja
Zu
Um
je
An
AG
du
Ob
EU
Sa
SZ
of
de
Wo
S.
Ja
Du
II
Ab
u.
Je
M.
AP
Co
A.
WM
VW
B.
H.
FR
DW
J.
TV
ca
PC
K.
Fr
OB
UN
Do
to
EG
CD
W.
km
R.
is
a.
Di
Mo
G.
F.
E.
EM
Mi
en
La
C.
D.
Na
P.
KG
PS
on
v.
BA
la
V.
kg
qm
d.
T.
IV
di
SV
ne
Ei
US
Ad
et
FC
eh
De
SG
Le
der
die
und
den
von
das
mit
des
auf
ist
dem
ein
Die
als
aus
hat
sie
bei
Der
wie
Das
Sie
zum
war
nur
vor
zur
bis
man
sei
vom
wir
ich
Uhr
Und
Ein
was
Mit
ihr
nun
Bei
ihm
Ich
Wir
ihn
ins
uns
Als
Wie
gut
Auf
SPD
Von
USA
gab
gar
Was
kam
Wer
mir
mal
Weg
CDU
Tag
Art
Man
nie
Den
Nur
pro
oft
Aus
hin
Mai
tun
wer
bin
Mrd
Bis
Vor
neu
Mal
Mio
Zum
FDP
Tod
Ihr
Dem
Nun
dpa
Amt
Bau
lag
DDR
bzw
Zur
per
mag
Ort
her
Dr.
Ist
CSU
alt
sah
all
elf
weg
zog
PDS
Vom
taz
The
dar
tut
Kl.
ums
Rom
ans
Nr.
Tor
DIE
Ruf
the
Tat
los
Zug
Job
Hof
ARD
and
ZDF
Rat
eng
tot
Ton
Ehe
Mut
SAP
www
Gut
Typ
Not
BMW
Bus
Hat
See
Eis
ehe
Dax
Yen
bot
RTL
UNO
vgl
Öl
Mir
dir
Arm
Ost
ots
tat
Akt
lsw
Jan
Uwe
hab
Gas
Ihm
All
War
Uni
III
IWF
IBM
St.
DGB
DFB
for
Oft
Fax
PKK
Ali
hob
Abs
Max
USD
Wut
Eva
Lob
via
Ohr
BGB
Hut
bat
BGH
VfB
Ulm
wem
Tal
RWE
HSV
Elf
Ach
Sex
usw
ggf
Neu
Pro
Bad
van
New
wen
Rad
com
Rot
AFP
Bar
Sir
BRD
fit
AOL
rot
SED
II.
Nie
nah
IOC
Pkw
Uns
Rau
IRA
DAG
Tel
Duo
BVG
Tee
las
Mr.
net
rtr
BSE
StZ
WDR
AOK
GUS
Per
Pop
Ude
OLG
gen
weh
Lkw
ANC
EZB
bar
Dom
Rio
Los
sog
Gen
Zoo
arg
Red
Ltd
NRW
vwd
Udo
BND
Des
WTO
Lee
lud
DTB
EUR
Ute
sid
BDI
DAX
nix
sich
für
eine
auch
daß
nach
wird
sind
noch
oder
aber
mehr
sein
kann
wenn
habe
Mark
ihre
dann
soll
Jahr
zwei
will
gibt
alle
seit
muß
beim
doch
drei
neue
Auch
Nach
ohne
etwa
weil
sagt
Eine
rund
Für
Aber
Ende
Zeit
Wenn
geht
Doch
sehr
hier
ganz
erst
kein
denn
vier
viel
dort
fast
Frau
zwar
dazu
Mann
also
Welt
Land
zehn
dies
Teil
dass
kaum
Denn
Geld
wohl
mich
Dies
Fall
gilt
Bonn
eher
Zahl
weit
ging
Ziel
darf
fest
Haus
Seit
Tage
alte
Daß
lang
acht
Juni
Dann
Bild
Hier
Juli
eben
Lage
laut
kurz
Form
gute
Hand
jede
GmbH
Film
Buch
paar
Euro
Noch
Ihre
Sein
bald
klar
Dort
Wert
Werk
gebe
Wahl
hoch
Wort
Kopf
Erst
Dazu
Zwei
Beim
Alle
Raum
neun
Chef
frei
hohe
fand
Auto
Zwar
Sohn
Kind
nahm
Feld
Bank
oben
z.B.
Herr
WELT
Idee
Mehr
Sieg
Rede
Luft
Weil
voll
Oder
Bund
Kohl
Kein
Sinn
Erde
Team
jene
mein
gehe
gern
fiel
nahe
lebt
Kurs
Ohne
Neue
Rund
Drei
Band
Wege
Volk
Satz
muss
Tel.
Text
Bahn
Name
wies
Mill
Nein
legt
Laut
Netz
Plan
Ruhe
Hans
aufs
Wien
Also
galt
Gott
Kauf
Rest
trat
Ganz
Grad
Fans
Auge
plus
Arzt
sehe
tief
Fast
Gang
Tür
Herz
Stil
Dorf
Post
Rang
Sitz
warf
Kino
eins
fort
rein
Tore
Vier
Etwa
Karl
Lust
hart
rief
wann
Plus
traf
Wird
Nato
Fest
Spur
Ball
dank
Wind
u.a.
Haft
Wald
Blut
Dach
Irak
Paul
Gold
Ecke
Iran
Bekl
Gast
Anna
trug
Mord
Meer
Bier
Zuge
Saal
Wand
fuhr
Mein
Kurz
Bord
wert
Oper
ruft
Kern
Fuß
leer
halt
saß
Kaum
lief
dich
Holz
Jede
Sind
nein
halb
Berg
Nase
Otto
Maß
Foto
Dank
baut
egal
Mund
sank
samt
John
Viel
Lauf
Glas
wahr
Bett
raus
Dame
Haut
Park
vorn
Rand
Club
Tode
teil
Alte
froh
Jazz
Hund
d.h.
Zehn
Liga
Ware
Genf
Wolf
Prag
Tanz
Arme
Star
Kiel
Paar
Kurt
Tier
Baum
Graf
Etat
West
NATO
Ring
Tote
Jobs
Show
City
dran
rote
Ehre
Tour
Mode
Sand
Lohn
live
Last
enge
quer
Prof
Rolf
Wein
drin
Hals
Klub
Kann
Test
euch
Golf
Loch
Kilo
Soll
Gute
Lied
Wohl
Rock
Haar
Bach
jung
Koch
Flug
Erbe
Held
Wann
Chor
sage
Null
Dass
bist
Exil
Brot
Ralf
Sehr
Witz
Gerd
Jury
kalt
Opel
hast
Ufer
ZEIT
holt
Knie
hebt
Haß
Ära
Inc.
Jagd
Dirk
Acht
Orte
etc.
e.V.
Ford
Gibt
rät
Dasa
fern
Aids
Male
Nord
Tips
http
Bein
Klar
Boot
Kuba
Mond
Paß
ÖTV
Heim
ewig
Main
Zone
Asyl
Zorn
Bald
Grab
real
Trio
Jens
Turm
Süd
Ruhm
Hang
Axel
Beck
Pech
Eier
Atem
BUND
Gene
BASF
Reiz
Burg
Fach
half
Baby
Leib
Muß
Roth
Elke
Elbe
Leid
echt
treu
Lupe
Boom
Ding
Audi
ABAP
BONN
Ruth
wild
Lire
Flut
Will
Lutz
Veba
Zeug
Echo
flog
Kids
Mars
übt
lobt
Neun
lebe
wagt
Ilse
Jena
Hahn
Heft
warm
wozu
fein
Erna
Eher
Hose
Maus
Funk
Gift
Adam
null
dumm
Inge
Geht
just
Bush
Stau
Song
Oslo
Wirt
leid
Obst
Hemd
Viag
Hill
Rose
dick
fing
Seen
Gras
bunt
Hohe
Peru
Fund
Reis
Sony
Typs
Halt
Heer
Mama
Anne
Veto
Olga
Ivan
Salz
riß
vage
arme
Euch
Zelt
Weit
Wehr
Note
Horn
Papa
Kiew
toll
Akte
brav
ADAC
klug
dein
Eins
umso
Anja
regt
sang
litt
nett
Jean
Deal
Sich
Jude
Coup
OSZE
satt
Carl
Rosa
King
Hoch
Marx
Blau
Tief
nicht
einer
einem
über
einen
haben
durch
wurde
hatte
gegen
schon
seine
unter
eines
diese
keine
immer
sagte
jetzt
waren
Jahre
neuen
damit
ihrer
heute
ihren
seien
werde
Stadt
sowie
steht
dabei
wegen
etwas
viele
alles
wäre
kommt
denen
fünf
Diese
Leben
ihrem
ihnen
deren
sogar
Frage
erste
liegt
davon
geben
sieht
sehen
macht
allen
aller
wenig
lange
gehen
sechs
Woche
alten
Dabei
jeder
weiß
statt
Platz
Damit
neben
hält
Thema
zeigt
Seite
Namen
Hilfe
Markt
Leute
sagen
März
Nicht
knapp
daran
Grund
Rolle
Meter
ließ
Höhe
Tagen
zuvor
genau
April
Über
stark
ganze
trotz
Spiel
meint
ihres
beide
Musik
Mitte
Unter
Daten
hieß
Kunst
jeden
recht
Seine
Jetzt
Schon
Durch
Titel
setzt
Staat
daher
wolle
Nacht
Krieg
Opfer
nimmt
Firma
hohen
leben
Paris
Recht
sonst
stand
blieb
junge
Sache
genug
Weise
Vater
Preis
jedem
zudem
Blick
Druck
Viele
solle
neuer
Augen
kamen
meine
Kampf
weder
Heute
Kreis
guten
darin
meist
groß
neues
Angst
Macht
Folge
Osten
Hause
abend
Trotz
Boden
Einen
bevor
Peter
jedes
China
warum
Abend
Liebe
Neben
Sicht
offen
stets
Japan
Nähe
Roman
Köln
indem
Reihe
darum
einst
Ihnen
Monat
Liste
Autor
Alter
Autos
nennt
unser
Zudem
Menge
gerne
Statt
Union
Kraft
zieht
Polen
Wegen
Natur
stieg
fehlt
Warum
Suche
Basis
wobei
wirkt
Armee
hielt
sucht
legen
Licht
Gegen
Senat
Werke
Runde
sitzt
kennt
tritt
Dinge
reden
Werte
Beide
Sinne
droht
Punkt
Tisch
Wagen
Tiere
Start
Reise
Teile
Jeder
Aktie
Krise
Insel
dahin
Juden
Sport
hinzu
Keine
jener
Szene
Klaus
lesen
legte
Stand
siehe
beste
weist
Motto
folgt
Einer
hofft
unten
indes
Worte
getan
somit
Hotel
Alles
Halle
stehe
Essen
bauen
komme
Sonne
Brief
Spaß
Trend
Feuer
Leser
Dauer
früh
Maria
bekam
Filme
fragt
aktiv
denkt
Falle
Ziele
ernst
Ideen
Ebene
Lager
alter
links
Summe
Frank
Wende
fürs
herum
Heinz
Strom
bloß
zumal
Linie
dient
falls
Herrn
gaben
Büro
allzu
liege
davor
wirft
teuer
Klage
Immer
spät
Franz
rasch
freie
Falls
Beruf
Texte
starb
Serie
allem
hilft
Fahrt
guter
gutes
einig
plant
Horst
Traum
Geben
Josef
roten
Junge
Bernd
halte
mache
hört
Tokio
Sorge
Messe
sorgt
Neuen
Ernst
Rande
Phase
Asien
halbe
Geist
Kurse
Zweck
bitte
kurze
hoher
Kasse
Abbau
liest
Brand
stolz
Laufe
jenen
klare
endet
holen
Farbe
Georg
Pause
Waren
Fünf
Daher
lagen
Fonds
Kunde
gelte
Blatt
Erste
lasse
Ihren
Pfund
Neues
Seele
Regie
warnt
desto
klein
Toten
zogen
Darin
Lande
Ihrer
Davon
Figur
Liter
Mauer
paßt
Marke
zahlt
Regen
vorne
solch
Meine
Unser
Arten
Lehre
Tempo
Klima
Alten
Papst
Stoff
denke
Stein
voran
minus
lädt
Image
Reich
Teams
ruhig
David
Hinzu
sahen
Ganze
Maler
breit
lehnt
Forum
Beine
Griff
Züge
innen
reine
Zuvor
Damen
harte
Konto
Fotos
Akten
teilt
Mühe
Hafen
teils
Regel
brach
Ohren
gäbe
Bezug
Stock
Haben
ergab
Wesen
Stern
volle
echte
Mainz
Umbau
Chaos
Maße
teure
hoffe
Stars
Sturm
klagt
löst
Ihrem
finde
Rente
Datum
Armut
Lange
Umzug
Masse
Abzug
käme
Radio
freut
Karte
Genau
engen
Fritz
Nazis
Minus
Front
lebte
wuchs
Franc
Index
rufen
holte
hohem
Vogel
wider
dicht
Bevor
Hanau
Armen
jenem
Sechs
Tiefe
Stufe
Laden
wahre
Bitte
Schau
Stich
These
Müll
dreht
feste
Rhein
singt
Moral
Erich
Fluß
Gramm
essen
liebt
Töne
Motiv
nutzt
Jedes
drauf
enger
Bauer
Stolz
redet
Haare
Jörg
Sturz
böse
total
Zeile
Deren
linke
Taten
Waffe
jenes
kehrt
Reden
krank
Faust
Fazit
müde
Etwas
Quote
quasi
Sonst
Motor
Sogar
weite
Bayer
Eines
Karin
Tages
Weber
Films
wohin
wohnt
nehme
Photo
exakt
Anton
Helga
Bruch
Erika
Zeuge
zeige
lohnt
Islam
still
Weder
Lesen
leise
Klubs
fügt
griff
Orten
Frist
Miete
neuem
Villa
Engel
Neuer
Daran
Humor
UdSSR
Weiß
Stahl
tiefe
Kinos
heran
Bombe
Athen
Petra
Lärm
Beleg
Kreuz
enden
Sitze
Vogts
Grün
Jungs
Drama
kenne
Tests
Beute
Bauch
Brust
lobte
üben
Berge
Prinz
Café
Busse
Video
Hunde
Beste
heuer
Linke
Votum
Milch
reich
Coach
Welle
Glanz
wirbt
Toren
Krebs
Rühe
liebe
Pferd
Zelle
heiß
Logik
Stasi
womit
Lyrik
enorm
Knapp
hohes
Feier
derer
Songs
Wäre
Alpen
Feind
z. B.
armen
kauft
Chefs
Wenig
gutem
lernt
wisse
Group
lacht
sinkt
Geste
Wille
Trost
Kohle
baute
fremd
wagen
Siehe
Stuhl
Mafia
Decke
Bruno
Krone
Wiese
Block
dicke
Fisch
Hitze
Seoul
Rasen
Ferne
merkt
Panik
Rache
Willi
Legen
schuf
Kirch
fehle
Party
Erwin
Meyer
setze
extra
Datei
Areal
Menü
Unmut
Einem
Staub
Elend
Kanal
Zwang
Zaire
altes
Blüm
ginge
Kairo
Typen
James
bunte
Duell
Fuchs
Paket
Major
möge
Labor
Noten
Basel
Darum
biete
Kette
Profi
Bibel
Freie
Leere
Weile
Virus
Huber
Mario
Bogen
Handy
Kabel
Onkel
Braun
Adolf
laden
Jeden
Zumal
Nebel
wovon
Kohls
World
Paare
Maske
Erben
Klein
Foyer
Focus
Rubel
Kripo
Buche
Boris
Chile
Gutes
faßt
Kreml
Edith
Laune
wehrt
nahen
Blues
Amtes
Stirn
lockt
Siege
Simon
Werks
Eisen
Allen
drohe
heben
Doris
Bande
Heike
kalte
Witwe
Ehren
Gerda
Harry
manch
blaue
Shell
leere
Enkel
Hauch
trage
Jesus
vorab
Klang
Lokal
Texas
Arena
glatt
Todes
Netze
Tonne
Donau
Luxus
toten
Clubs
Stamm
reist
Beton
Segen
Somit
Album
Media
Sagen
trieb
Guten
Kader
Anbau
Kugel
Rabin
birgt
Bauen
Match
Sat 1
übte
Ecken
grün
Sehen
spart
Jubel
Ihres
Laien
Probe
Sekte
Prosa
zielt
lehrt
ahnen
Bands
Jeans
Gebot
Reste
Marie
Meist
Ernte
woher
reale
Viren
Kommt
Spree
Hosen
Frust
wilde
rollt
Jutta
Ulmer
traut
welch
Intel
Anzug
Metro
Treue
Tenor
Henry
gelbe
Irene
Fahne
Bewag
Pilot
Lebed
taten
bezog
feine
Beate
Elite
Anruf
Kopie
Peres
Nagel
Story
Kurve
Treff
Dreck
Kenia
Tiger
ruhen
Jakob
Tante
Route
Ethik
Rauch
Adler
boten
Morde
Zunge
wiegt
Felix
Smith
kühl
Buben
Lüge
sanft
Gehen
Oskar
de la
Alarm
Wobei
jeher
deine
Teils
Krupp
laufe
Sound
Fulda
raten
graue
sauer
Roten
Korea
Trick
Indiz
Miami
Zitat
gab's
klang
Baden
Gunst
Allee
eigen
Sucht
erhob
Leder
bezug
dünn
Infos
Böse
Kühe
Diana
blind
parat
Rover
Sauna
Pence
Magen
Gnade
Orden
Thron
Julia
frage
Uhren
ewige
Apple
Ampel
Kabul
Parks
Weite
Minen
Käse
nebst
werden
Jahren
dieser
wieder
seiner
worden
diesem
wurden
seinen
selbst
ersten
jedoch
sollen
seinem
wollen
Berlin
hatten
machen
lassen
andere
dieses
weiter
beiden
einmal
nichts
dafür
kommen
diesen
sollte
würde
bisher
konnte
Frauen
stehen
heißt
Kinder
dessen
hätte
große
gerade
läßt
darauf
könne
Arbeit
bleibt
wollte
keinen
müsse
finden
Dollar
Wochen
Jahres
allein
einige
seines
Montag
Europa
Partei
Januar
mußte
Anfang
hinter
vielen
damals
halten
gleich
nehmen
solche
besser
System
wissen
Kosten
Erfolg
findet
liegen
Gruppe
stellt
sieben
eigene
ebenso
schwer
sicher
Kunden
kleine
leicht
führt
unsere
anders
August
Kritik
Umsatz
welche
erneut
Eltern
Beginn
machte
bietet
Fragen
Seiten
zeigen
Stück
Dieser
Kirche
Rahmen
zweite
Wasser
Monate
Mutter
letzte
zwölf
obwohl
spielt
Westen
setzen
teilte
Landes
bereit
Bayern
Chance
besten
Stelle
direkt
jungen
sofort
Zeiten
Schule
Region
Punkte
Sommer
danach
gesagt
Bilder
Handel
sprach
Firmen
bringt
Gefahr
ganzen
Streit
sowohl
meinte
hinaus
keiner
Verein
Aktien
London
Mittel
Mensch
Bonner
wenige
ziehen
Dieses
heraus
Anteil
Selbst
fällt
wären
Banken
Leiter
Bühne
Gesetz
gelten
läuft
bieten
Bremen
Moskau
Urteil
Kultur
Saison
suchen
Zahlen
Gewalt
Stunde
tragen
Börse
langen
zeigte
begann
Medien
vorbei
helfen
Folgen
Worten
Herbst
Israel
zahlen
nutzen
setzte
außer
Täter
Antrag
hören
selten
nannte
trägt
Grenze
Tonnen
morgen
Bremer
Gebiet
glaubt
fahren
kostet
Fehler
Glück
Aktion
meinen
lieber
fallen
Preise
Schutz
Gegner
Spitze
Gewinn
Studie
bilden
Stimme
gingen
Gäste
Dafür
nötig
Danach
selber
laufen
Besuch
jemand
Pläne
sitzen
warten
Heimat
sorgen
trifft
Anlaß
Serben
vorher
betont
Obwohl
Papier
Thomas
Freund
Themen
höher
reicht
gehabt
folgen
erster
Einige
zählt
Museum
daraus
Allein
Norden
Wunsch
manche
Wahlen
König
nennen
denken
Lehrer
schön
Gerade
Nummer
Reform
Lebens
gewann
Moment
dritte
gebaut
Klasse
hängt
Modell
meiner
Verlag
starke
treten
Ärzte
Anlage
lautet
Süden
freien
nahezu
gelang
kaufen
dürfe
Person
kennen
lernen
Grüne
falsch
Bisher
hervor
Hessen
tätig
fanden
Praxis
kosten
Fälle
Dienst
Jungen
Aufbau
leider
Umwelt
Fahrer
Rennen
Morgen
dienen
gelegt
Waffen
Jugend
Niveau
Presse
voller
Winter
Freude
Umgang
Wunder
Himmel
hoffen
Risiko
näher
Werner
Bauern
Dieter
Minute
Anzahl
Willen
Ausbau
schien
Bilanz
kurzem
Hände
wirken
lösen
Damals
fehlen
Zugang
fährt
Andere
steigt
glaube
Posten
Bruder
außen
Felder
wußte
Fusion
verlor
Zinsen
soviel
Jelzin
stammt
Wissen
zuerst
Rechte
Walter
Bedarf
erlebt
Flucht
klingt
fertig
Sender
voraus
fühlt
Schuld
Karten
halben
schlug
vieler
Formen
Regeln
Umfang
fragen
Teilen
warnte
Hauses
Herren
Martin
nahmen
Beamte
Status
rechts
Spiele
wonach
Inhalt
Urlaub
steckt
Leuten
Sollte
Anwalt
bildet
Helmut
Peking
Becker
retten
stimmt
Kassen
Sorgen
Ungarn
kurzen
meinem
Finale
keinem
Sieger
durfte
Unsere
Indien
bewegt
Zimmer
Nichts
Hektar
Termin
Räume
Unfall
Solche
Metern
Zeugen
Objekt
Anders
beider
Dialog
ergibt
Wiener
Spuren
mitten
Herzen
linken
Russen
langem
Afrika
Alltag
Betrag
heftig
Justiz
soweit
Nation
Pflege
belegt
Umfeld
Besitz
Kosovo
erstes
gering
feiern
Beweis
hinweg
junger
Kamera
Waigel
werfen
dauert
Wetter
Keller
Farben
Welche
fielen
Kanada
sparen
Robert
hinein
zuviel
offene
folgte
Große
leiden
übrig
Reisen
bleibe
Werken
Manche
Hotels
Reuter
Reihen
wartet
Bäume
Briten
gerät
selben
derart
Mannes
greift
fragte
gewiß
namens
lehnte
Helden
Stefan
dauern
Partie
Denken
Mieter
senken
Herzog
festen
sorgte
zweier
Zellen
Mengen
Schiff
Neubau
weisen
harten
feiert
extrem
Diesen
mögen
ferner
legten
geriet
Ärger
Länge
weiße
grüne
Garten
Teufel
Szenen
Strafe
hinten
Verbot
teurer
Türen
Alfred
unklar
Kaiser
Signal
Klinik
Küche
wahren
betrug
Mexiko
abends
sagten
Hinter
teilen
vieles
freuen
Sprung
achten
Küste
Briefe
Kaffee
Gelder
Symbol
Johann
nieder
Ebenso
Kurden
Drogen
leitet
nachts
Export
Gerät
Würde
Ablauf
treibt
Mangel
Tasche
melden
Bundes
Vaters
Report
dachte
Büros
scharf
teuren
innere
Sätze
anhand
Chinas
räumt
Absatz
Kinkel
kämen
vierte
Finger
Zufall
Steuer
Geburt
wirkte
Rudolf
Lasten
lässt
Muster
befand
kurzer
breite
Gegend
Profis
halbes
drohen
planen
Ulrich
Bezirk
durchs
klaren
Weiter
gibt's
tiefer
Aufruf
bricht
zugute
langer
streng
Schlag
suchte
lieben
sinken
wenden
hierzu
Wandel
singen
Helfer
Volkes
Rainer
lauter
wohnen
Darauf
drohte
Streik
schaut
binnen
stieß
Quelle
Madrid
Zeilen
Leider
stelle
einzig
rechte
genaue
endete
Chemie
eigens
leidet
Truppe
bedarf
normal
Kassel
Schnee
vollen
Nutzen
Tagung
Sachen
Absage
Profil
fehlte
Gottes
Ansatz
frisch
trafen
Hitler
Einmal
passen
Vision
Ferner
Museen
fassen
Ursula
Vortag
meldet
ließe
Lieder
Wieder
Fakten
Inseln
Buches
öfter
fügte
sobald
Gipfel
Kammer
Option
reinen
sofern
reisen
Tieren
Rollen
wendet
Abwehr
Kreise
Wagner
Abends
Mythos
werben
Gehirn
musste
Motive
weiten
Sowohl
löste
Kleine
Stoffe
Regime
bittet
Ludwig
echten
jemals
Erwerb
Einzug
Schuß
sozial
vermag
Monika
Sicher
Löhne
Filmen
Detail
geholt
Köpfe
blauen
Irland
Andrea
leeren
Ersatz
Linken
Erhalt
Außer
Romans
oberen
locker
Opfern
wandte
drehen
v.Chr.
massiv
Messer
klagen
führe
Taiwan
angeht
Fabrik
reiche
deutet
blickt
lebten
freier
Harald
Leiden
Werden
Gehalt
Nerven
Sabine
stirbt
Effekt
Leiche
Kindes
Goethe
Klagen
Sieben
Aspekt
Inland
Zwecke
Römer
Center
bunten
Furcht
heiße
Autors
Fülle
älter
ganzes
Syrien
stabil
Gleich
Kürze
hörte
warnen
aktive
rückt
Tunnel
messen
weitem
Läden
erfuhr
tiefen
Erster
Senats
Formel
Renate
Arafat
Studio
Betten
bitten
erlitt
leiten
Gisela
Angabe
Runden
Daniel
Balkan
dicken
meines
Chirac
wehren
Seinen
geht's
übers
beruht
Blumen
Photos
fester
kehrte
Design
gelebt
Mandat
diente
Vögel
Albert
Pferde
trugen
Schuhe
privat
Medium
Wände
Konten
Renten
Weimar
Monats
Werten
Japans
landen
Genuß
Kieler
traten
Schock
erwies
Bochum
Charme
Ingrid
Faktor
Söhne
Texten
kannte
Wüste
D-Mark
Daraus
bester
Bergen
Dingen
Steine
Kälte
Tennis
prüft
Lesung
Rekord
Füße
Geduld
billig
Platte
saßen
Ersten
prompt
Markus
taucht
fortan
strikt
Väter
mochte
lachen
Boeing
locken
Dessen
Unruhe
fühle
Nutzer
beides
nutzte
Talent
Lücke
Ruanda
Ankara
Linien
Freien
Strich
strebt
Rechts
Hunger
stört
Jäger
schuld
Stille
Lothar
Bagdad
Roland
Keiner
Zusage
Birgit
Ertrag
Hilfen
Knoten
Abitur
Wenige
liefen
Ironie
fremde
Mieten
Listen
Sparte
lauten
Wärme
Devise
Budget
Sterne
soeben
fängt
Epoche
lägen
Erlös
klagte
Cursor
Bauten
fliegt
Schulz
dunkle
Ausweg
Ebenen
online
gesund
lokale
tanzen
warfen
Appell
Grosny
Soldat
spürt
Silber
Terror
Fremde
lehnen
Erfurt
Lachen
Strand
Wolken
wählt
Heroin
Ahnung
Trauer
töten
grauen
Wohnen
S-Bahn
Summen
erhebt
decken
kalten
Benzin
Romane
irgend
Archiv
enorme
Zagreb
Hölle
Anlauf
Zuerst
Befehl
Aachen
Mordes
Grunde
daheim
realen
Poesie
Bahnen
Berger
Libero
Marken
Sektor
vollem
Massen
widmen
zwingt
Ferien
Panzer
Ämter
Wellen
Volker
Ritter
Physik
Welten
Tatort
gelben
Sobald
Lippen
Möbel
Basler
spiele
Lizenz
George
U-Bahn
bitter
Gesang
Löwen
Taktik
Fische
wiesen
siegte
pflegt
Format
regeln
Mozart
Proben
testen
bösen
Henkel
worauf
Beinen
lustig
buchen
bringe
Jurist
Reiter
Spalte
drehte
fuhren
sauber
ordnen
Belege
schoß
minder
Schild
Werkes
Abfall
Kredit
Breite
wilden
Mauern
solide
Dritte
Vulkan
freute
deuten
stetig
Joseph
Hallen
Hierzu
Kriege
Koffer
Stolpe
Hätte
Visier
Gewiß
klarer
Schlaf
merken
Härte
kriegt
seiten
Geldes
Detlef
sprang
bloße
Abgabe
lernte
Umland
kaufte
ideale
Schein
Stufen
fernen
Ringen
galten
besaß
Polens
Feinde
Betrug
Bleibt
Ostern
Glaube
Oliver
rechne
intern
Sydney
schade
Kuchen
Metall
Zähne
unterm
widmet
Spruch
Bomben
Hörer
Thesen
handle
Podium
feinen
Mehmet
Lernen
rollen
Güter
Marsch
frühe
geübt
Konsum
Haufen
kehren
Streß
hinauf
Angela
Flüge
Etappe
Spiels
schier
Redner
erregt
Unsinn
knappe
Kneipe
Zweite
rasche
Hammer
Doktor
Profit
Sohnes
Kranke
wofür
Sports
wecken
ewigen
Krisen
Reifen
Sparen
Folter
Tragen
Kasten
reißt
Holger
Pathos
Island
klappt
Wortes
Rezept
Fahnen
Warten
zügig
Misere
Gesten
Trends
Treppe
Sperre
Zwölf
Dublin
riefen
trauen
Mittag
Ulrike
mahnte
Server
echter
kannst
binden
Lieber
Gewebe
Import
Siegen
andern
Feiern
Tarife
fähig
Nasdaq
Viktor
Jedoch
Bände
Kuwait
absurd
warmen
Wollen
trennt
Tricks
Fehlen
Antike
Besten
brutal
Zielen
erholt
Eduard
Genfer
willen
landet
Michel
Langen
Normen
Prager
Bronze
sprich
Räder
Airbus
Milieu
mithin
Hügel
Zyklus
Abgang
bequem
harter
Grafik
Utopie
Marion
Irrtum
Blicke
senden
kaputt
reiste
Soweit
Kokain
Tempel
Zucker
Schafe
Kursen
Organe
Hubert
bliebe
Ostsee
Konrad
Messen
Sitzen
Nehmen
zivile
dringt
runter
nützt
Zügen
Gulden
derlei
dunkel
Schmid
Abriß
Mostar
Haaren
Merkel
Übung
Winkel
Global
meiste
Wunden
geehrt
Höhen
Helene
Rinder
Fiskus
Pleite
Stalin
mittag
Eichel
Martha
Videos
Phasen
Besser
Hebron
Ladung
keines
bewies
Dasein
fangen
erwarb
Brille
formal
Makler
Kenner
runden
eignet
Arnold
Innere
gemalt
Diesem
Palast
Libyen
gewagt
Plakat
Satire
Flagge
Mantel
Jochen
beruft
ganzer
Boston
Brecht
Rektor
füllt
zutage
Hürde
Planer
lenken
Zensur
Marine
Erdgas
Globus
Gehör
gemein
hellen
Böden
wertet
Kronen
Dayton
Letzte
Verrat
Ratten
Mythen
Lagern
Geruch
Titeln
zahlte
Schade
Jordan
Araber
Beirat
packen
Zirkus
Wiesen
Banker
totale
Buchen
Innern
einsam
Zusatz
unweit
klares
berät
Hütte
Hertha
Berufe
Prozent
können
bereits
müssen
sondern
anderen
könnte
hätten
letzten
großen
würden
zurück
gewesen
gestern
Polizei
eigenen
weitere
Angaben
weniger
später
deshalb
gemacht
dagegen
bleiben
derzeit
sollten
Freitag
Sonntag
einfach
gehört
meisten
Politik
zweiten
Samstag
Monaten
kleinen
bringen
bekannt
Grünen
schnell
scheint
Zukunft
Männer
Oktober
gegeben
Stunden
Bereich
Familie
stellen
Hamburg
führen
mehrere
konnten
Länder
völlig
bislang
Minuten
dürfen
jeweils
einigen
spielen
nachdem
Problem
längst
besteht
Bürger
Trainer
Februar
möchte
zuletzt
Hälfte
Straße
Gericht
wollten
Bericht
beginnt
spricht
früher
Ansicht
endlich
solchen
Einsatz
richtig
unserer
dürfte
einzige
Angebot
Projekt
niemand
Schritt
zufolge
Sprache
stellte
anderer
handelt
Aufgabe
dennoch
Deshalb
dadurch
gesehen
Spieler
Meinung
wenigen
Lösung
mußten
braucht
Richter
geplant
Italien
großer
dritten
gesetzt
Ausland
Stellen
Kindern
rechnen
Vorjahr
Theater
ändern
Staaten
Tochter
fordert
Stimmen
wählen
anderes
Drittel
betonte
Konzept
gesamte
Auftrag
genannt
häufig
Chancen
ohnehin
wichtig
müßte
Vertrag
Zeitung
Grenzen
Partner
Betrieb
Michael
Versuch
Verkauf
führte
Prozeß
länger
treffen
brachte
gezeigt
Dennoch
Wohnung
Weitere
Fällen
leisten
Zweifel
Gruppen
Technik
geboren
erhält
Punkten
Schulen
Zeichen
Türkei
erhielt
Antwort
Zentrum
Schweiz
diesmal
Schluß
Gesicht
Treffen
Nachdem
ließen
Konzern
geraten
hundert
Branche
Manager
Bereits
glauben
rechnet
erhöht
schrieb
bekommt
Wirkung
Sitzung
Debatte
soziale
Million
Schaden
Körper
Frieden
Verlust
steigen
England
Spanien
Beamten
Europas
Freunde
Amerika
unseren
solcher
Rathaus
Bosnien
relativ
Quartal
fordern
Einheit
blieben
genutzt
höhere
standen
starken
erfolgt
Ordnung
Andreas
machten
Haltung
gezogen
frühen
gleiche
Häuser
kleiner
Gefühl
Telekom
Beitrag
gefragt
Meister
Bücher
Verband
schwere
großes
langsam
Wählen
gedacht
Städte
Artikel
Gründe
erlaubt
Anleger
Kanzler
Viertel
private
Zustand
genauso
Planung
Verkehr
bessere
unserem
beendet
Begriff
Truppen
Telefon
bewußt
eigener
Hinweis
Fenster
ergeben
heißen
bezahlt
Bildung
spielte
erzielt
reichen
Energie
Größe
Kontakt
Prinzip
bewegen
Aussage
Tabelle
Werbung
Fischer
Leitung
einiger
Vorwurf
zwanzig
Auswahl
vorerst
zählen
besitzt
Entwurf
sichern
positiv
zweimal
Wechsel
Pfennig
Leipzig
Strecke
Autoren
Ausgabe
Kölner
welcher
Dagegen
Clinton
Ursache
Steuern
fühlen
Anlagen
Jürgen
Landtag
Service
Nutzung
wächst
Gerhard
eigenes
Dadurch
Provinz
gesucht
vierten
Rücken
prüfen
Plätze
beraten
rechten
tausend
offenen
Anstieg
Objekte
weißen
Dichter
Vorbild
Allianz
gelingt
Vorteil
Kräfte
wachsen
Angriff
Müller
Dresden
besetzt
Galerie
Protest
pflegen
solange
Erfolge
Mitteln
Wähler
erzeugt
moderne
General
schloß
Günter
Methode
Figuren
welchen
zeigten
bemüht
schöne
Manfred
stammen
manchen
Vorgang
anlegen
Kirchen
Verlauf
benutzt
starten
meldete
erfaßt
Absicht
Anklage
Großen
liefern
schafft
Siemens
Version
Pariser
Dutzend
hängen
ersetzt
Vereine
niemals
erhoben
grünen
Staates
Spiegel
Analyse
Kapital
einiges
bedroht
Derzeit
erkannt
Studium
solches
Bildern
Fläche
Gewinne
Bislang
Atlanta
Abstand
Berlins
gewisse
Musiker
gewinnt
Konzert
gelernt
Sachsen
Händen
gebeten
Vorlage
Schloß
Risiken
gelegen
erleben
spüren
Gewicht
handeln
Kapitel
greifen
entlang
Führer
Gestern
Systems
späten
Gesetze
unseres
Später
Bahnhof
hielten
Anfrage
Produkt
Schmidt
kleines
Märkte
Pfarrer
beinahe
vor Ort
sowieso
liefert
Niemand
seitdem
öffnen
mancher
Stärke
nunmehr
Vortrag
Stücke
Details
höchst
Tendenz
falsche
setzten
geboten
doppelt
Kollege
ältere
Spielen
Umfrage
Herbert
Pflicht
welchem
gerecht
besucht
Anzeige
stiegen
zweiter
Auftakt
richtet
umfaßt
Theorie
Zürich
welches
gekauft
Dienste
Gestalt
verwies
Belgien
Brücke
alleine
Anteile
gesorgt
Geräte
Vereins
Früher
Potsdam
dpa-AFX
sterben
Bestand
Moderne
Vorfeld
Krieges
Sendung
gezahlt
Belgrad
zumeist
großem
üblich
maximal
Käufer
bestehe
Glauben
gelöst
gemeint
inneren
erteilt
dreimal
vorigen
Aufwand
Distanz
gelesen
absolut
denkbar
stimmen
gewarnt
abgeben
jüngst
berufen
räumte
stecken
Zuwachs
Berater
Medizin
stößt
beenden
Richard
Fleisch
Schnitt
mittels
breiten
Ukraine
Eingang
Zähler
brauche
Auflage
Barbara
weshalb
fliegen
richten
Mehrere
Adresse
Meldung
Modelle
bestand
Türken
Kroaten
Papiere
Studien
Gremium
gefaßt
Ehefrau
morgens
Gebiete
normale
Katalog
heutige
Systeme
betreut
demnach
bezieht
startet
Hermann
treiben
Premier
zitiert
verlegt
letzter
schauen
Turnier
leichte
Handeln
Wilhelm
Seitdem
Beifall
gesenkt
Stadion
trennen
Senkung
Spenden
klären
erkennt
Eigener
Deutsch
Sänger
Kämpfe
beklagt
bezogen
Anlegen
seither
Landrat
sammeln
Bischof
Kredite
geringe
Israels
Joachim
ändert
Respekt
Plänen
Stoiber
belegen
perfekt
gemäß
Alkohol
Daneben
Kreisen
befreit
gezielt
Volumen
Malerei
handele
Mütter
daneben
Preisen
bedient
Träger
wieviel
Serbien
Kleinen
genauer
Klassen
stoppen
riesige
kämpft
Ausgang
gerufen
Mörder
Autorin
direkte
Element
deutsch
Sekunde
gefolgt
Station
Affäre
Zahlung
Mailand
Quellen
folgten
Bayerns
Konsens
dunklen
öffnet
bemerkt
Ausmaß
Treffer
angeben
weitaus
Skandal
Räumen
gelangt
derweil
Annahme
Japaner
Solange
gebucht
vierzig
unteren
Rostock
Rentner
zweites
Schwarz
etliche
Zugriff
Holding
Ansehen
Merkmal
Füßen
letztes
Periode
feierte
durften
Gästen
Börsen
gewußt
brechen
genügt
ehemals
Hanauer
besorgt
Agentur
schwach
Rettung
drängt
Zunahme
gehöre
Brüder
Unrecht
Magazin
umgehen
Franken
anfangs
Weniger
Ehemann
Defizit
lebende
reichte
Senator
Tränen
zwingen
Flügel
Impulse
geltend
Völker
Holland
lokalen
Fassung
bedeute
lautete
stoßen
gewohnt
heftige
schwarz
Release
Schiffe
füllen
Diesmal
Flammen
steuern
dorthin
Inhalte
Termine
stimmte
negativ
wirksam
Instanz
interne
bekamen
fühlte
Konkurs
geschah
massive
aktiven
fremden
Marktes
befaßt
wußten
Gertrud
Rechner
Skepsis
erweist
fließt
eigenem
starben
ernannt
illegal
Können
erheben
Empfang
Rendite
erhofft
drückt
Geiseln
Nahrung
Vergabe
konkret
kriegen
Mission
Spanier
leitete
Wurzeln
Rechten
regiert
Claudia
niedrig
Signale
Olympia
korrekt
Aspekte
manches
Schrift
allemal
Hoechst
benannt
weichen
glaubte
Vorsitz
erlebte
Leichen
trinken
Warnung
Norbert
sorgten
dauerte
Träume
Denkmal
gedroht
zählte
schlimm
Gedanke
fünfte
sichere
typisch
Moslems
Ehepaar
Mängel
schickt
fehlten
nötige
kostete
Ankunft
Klavier
Infotyp
offener
Triumph
mühsam
bedingt
Kommune
Gewerbe
Christa
geladen
Feldern
Vietnam
Gattung
Schwung
fällig
räumen
gedreht
Gedicht
erwarte
Wichtig
anstatt
beweist
Dörfer
Muslime
jetzige
Mainzer
Ärzten
Torwart
knappen
Absturz
landete
verrät
Student
Dynamik
Legende
Fahrrad
aktuell
infolge
Eintrag
Patient
rücken
suchten
manuell
notiert
Rätsel
Museums
oftmals
steuert
Piloten
globale
geredet
Chicago
stören
verlief
bewahrt
blicken
versagt
Zuletzt
Knochen
leistet
bewirkt
Abbruch
Demnach
Kameras
Vorfall
Ängste
starker
Ändern
Sollten
Streiks
Dilemma
Vorrang
Jelzins
Drohung
Unruhen
Inhaber
Susanne
Köpfen
Möller
beliebt
umsonst
Akteure
Parkett
gespart
Florida
Antonio
Teheran
Daimler
Venedig
Kloster
Schmerz
bestens
basiert
scharfe
bedeckt
Seither
Lübeck
Libanon
zuwenig
Schmuck
klingen
Beweise
Kreises
Eingabe
enormen
empört
Gemüse
CDU/CSU
Endlich
Gremien
umgeben
Charles
Einkauf
gedeckt
hierbei
befragt
genauen
Räuber
montags
Fassade
traurig
Materie
Abstieg
Rexrodt
dritter
Gebühr
Experte
gleicht
Thyssen
teilten
Dritter
Diepgen
Schicht
Zurück
mangels
Gitarre
oberste
seitens
Umstand
belegte
breiter
Stephan
spontan
Raketen
zulegen
Platten
wodurch
Inneren
Seminar
Neigung
erspart
Tänzer
Siedler
begeben
diverse
Westens
zivilen
verübt
Ferrari
gültig
erfreut
Königs
springt
zu Fuß
Flasche
ehrlich
Bäumen
Erstens
Windows
wertete
neueste
Brunnen
ansehen
betonen
Applaus
viermal
gesteht
erneute
nannten
Wälder
Bargeld
Urteile
nervös
bildete
Weichen
Pistole
Anblick
bedacht
tauchen
Erlöse
Teilung
stillen
Lehrern
Exporte
stützt
Ehrgeiz
Telecom
erobert
Kanther
dankbar
Sichern
bremsen
Palette
Hitlers
Nigeria
Hürden
Richtig
Filiale
optimal
strenge
Kranken
Verlage
wandern
Strafen
Sätzen
Wänden
Porsche
schiebt
Zweiter
gestand
Buchung
ausgeht
Fronten
Löcher
bewegte
Zeugnis
William
Momente
Anstalt
Schwere
vereint
Company
geteilt
Albaner
saniert
sichert
Verfall
Plakate
nebenan
Beamter
Wörter
fliehen
einzeln
trocken
wählte
Abfahrt
Gießen
siebten
stünde
Somalia
abbauen
Sammler
radikal
härter
gewollt
erobern
Favorit
empfahl
sechzig
Martina
Belange
sammelt
Bindung
Handels
belohnt
hilflos
arbeite
Töpfer
Terrain
schwebt
Gärten
Weißen
ergaben
Irmgard
Blüten
Sterben
bekennt
Fremden
nutzten
Johnson
Johanna
Montage
Briefen
Wegfall
Achtung
rückte
Geister
abseits
Bezüge
gesunde
Anstoß
Essener
Abgaben
wundert
Musical
vertrat
agieren
Kleider
Kulisse
gewandt
Schöne
komisch
ärgert
spreche
Zentren
Ausflug
Private
Längst
Sternen
geistig
Lehmann
Höchst
Rivalen
Kontext
reißen
Bezirke
behält
Treiben
Novelle
Kläger
stabile
Effekte
Dritten
stürzt
zurecht
Marokko
lehnten
Nummern
Gegnern
Stämme
Strauß
Zusagen
kürzen
Flüsse
angetan
ankommt
zehnten
meinten
Nordsee
schaden
träumt
Götter
Zimmern
mussten
externe
Boykott
Dietmar
Hartmut
Nähere
Schiene
Spalten
Litauen
wundern
manchem
Sparten
Symbole
Schmitt
Mustafa
Geplant
seltsam
Philips
Hierbei
wartete
Bühnen
Sponsor
angehen
Scheibe
Plastik
Verbund
Schluss
knapper
frische
wirkten
Vorhang
Drucker
antiken
starkes
weißer
Mohamed
Wieviel
drucken
Mitleid
Parolen
bekomme
Routine
Tätern
Afrikas
deutete
Satzung
Motoren
griffen
drohten
Nächte
dienten
Dateien
Akzente
Vatikan
Analyst
schloss
vertagt
Motiven
Reichen
Lücken
nochmal
Tötung
anderem
strahlt
Nachbar
Talente
besiegt
Segment
Gepäck
Ballett
Landung
Taschen
Flecken
Kanäle
hierher
siebzig
umfasst
kürzer
Baumann
erstens
billige
Pflanze
achtzig
Atelier
kopiert
erstmal
Florenz
Monitor
Neugier
mangelt
erprobt
Zehntel
Goethes
Bremens
nähert
Steinen
Würden
steckte
weithin
zentral
Mandate
Pension
Deckung
jünger
Uniform
Fehlern
Agenten
Senders
Teppich
Erreger
Prinzen
Reports
Fahrten
Münzen
drüben
Moskaus
Ausfall
goldene
Völlig
bittere
Schalke
Fliegen
bloßen
gemerkt
zwischen
Menschen
während
München
deutsche
Berliner
möglich
könnten
zusammen
erhalten
deutlich
geworden
darüber
erklärt
Mittwoch
Dienstag
Ergebnis
künftig
nämlich
Probleme
Während
Ländern
erwartet
Programm
offenbar
weiteren
Dezember
bekommen
wirklich
gekommen
November
erreicht
müßten
gebracht
Sprecher
Deutsche
gehören
erstmals
gestellt
gefunden
versucht
Mehrheit
arbeiten
verloren
größte
schaffen
Rußland
Internet
Richtung
Personen
geführt
durchaus
genommen
gleichen
Soldaten
Kollegen
Mädchen
zugleich
erzählt
Parteien
darunter
forderte
Beispiel
Publikum
verletzt
weltweit
sprechen
freilich
bedeutet
aufgrund
heutigen
New York
Experten
erwarten
gewinnen
Schüler
Funktion
hingegen
Führung
Besucher
immerhin
Position
stärker
verkauft
Minister
gesamten
zur Zeit
mehreren
erinnert
täglich
Hoffnung
erkennen
begonnen
nächste
bestimmt
schreibt
brauchen
gewählt
Gebäude
Anspruch
Arbeiten
geplante
wiederum
manchmal
Computer
Eindruck
schlecht
sozialen
Vorstand
Gründen
Material
gewonnen
beginnen
bißchen
entfernt
entgegen
privaten
Gemeinde
Hannover
Produkte
wichtige
Bewegung
Mitglied
ständig
enthält
Straßen
arbeitet
verlangt
Brüssel
schweren
Wachstum
Freiheit
Aufgaben
entdeckt
trotzdem
erfahren
frühere
Institut
Forscher
vielmehr
gehalten
Leistung
ziemlich
bestehen
überall
Republik
ähnlich
getötet
Einfluß
gegangen
Familien
gefallen
weiteres
beträgt
Wahrheit
Gedanken
dürften
befindet
gespielt
Händler
Stimmung
möchten
Vertrieb
gelungen
weiterer
einzelne
größer
Betriebe
Wolfgang
einzigen
befinden
angelegt
herrscht
Sekunden
erfüllt
Auskunft
Rechnung
Karriere
bezahlen
schlägt
gelangen
Verdacht
Umgebung
Regelung
modernen
Gelände
Tatsache
entweder
Ausdruck
Nachbarn
verdient
Immerhin
passiert
entsteht
Bewohner
richtige
Kommunen
Städten
verfügt
Arbeiter
Zwischen
Schweden
höheren
erhöhen
dringend
übrigen
Fußball
Projekte
versteht
Aussagen
kämpfen
Fraktion
Trotzdem
Struktur
entstand
scheinen
verteilt
Behörde
Ausnahme
geradezu
Kritiker
erinnern
Männern
Hinweise
kräftig
Beratung
Haushalt
schlagen
Direktor
Standort
Stellung
Einigung
leichter
Halbjahr
Zeitraum
Konflikt
Verluste
Anbieter
Personal
verboten
Auftritt
Regionen
gehörte
vergeben
Vorhaben
gelassen
mehrfach
Software
Reaktion
Ausgaben
deswegen
verfolgt
aktuelle
reagiert
Schatten
positive
Aktionen
Währung
Prüfung
Aufnahme
Sammlung
Angebote
Premiere
gemeldet
Kontakte
anbieten
stellten
Abkommen
Stiftung
Existenz
sinnvoll
erfolgen
Bedenken
vermutet
bekannte
schönen
Reformen
erschien
verliert
Aussicht
Stadtrat
Schritte
höchste
Dortmund
Berichte
geprägt
besseren
Berufung
schwarze
Kabinett
Pflanzen
schwerer
draußen
Training
fördern
normalen
Tausende
Bereiche
Heinrich
belastet
Zugleich
Londoner
getragen
geprüft
Maschine
Vorteile
zentrale
Mischung
Vorgehen
jüngste
führten
schätzt
besitzen
Rebellen
gefeiert
Ereignis
Benutzer
erhöhte
Methoden
erzielte
Abschied
behalten
anzeigen
bedeuten
Hongkong
getrennt
Bündnis
in Kraft
Kongreß
Kenntnis
beweisen
Anschlag
Gebieten
falschen
konkrete
sichtbar
Besitzer
geringer
Aufgrund
Variante
Bürgern
Schäden
kleinere
geeignet
Kroatien
nochmals
Spannung
Bewerber
Freundin
Trennung
erstellt
Schulden
ersetzen
Versuche
beziehen
gesperrt
billiger
Mannheim
betrifft
schicken
Freiburg
geklärt
dreißig
Einstieg
älteren
Verzicht
Elemente
gebildet
gefahren
jenseits
wechseln
Autobahn
Herkunft
Rückzug
betragen
erzielen
Fahrzeug
lebenden
zeichnet
jetzigen
neuesten
gesunken
Vielmehr
Eintritt
kümmern
zustande
antreten
steigern
riesigen
Manchmal
schlicht
bereitet
bewertet
einziger
brachten
Gedichte
erwiesen
Argument
Bernhard
irgendwo
Amtszeit
laufende
Ursachen
bestellt
verweist
gemessen
schnelle
Freunden
einfache
Moskauer
Anwohner
besuchen
Handlung
erworben
fließen
Flugzeug
aussehen
gepflegt
Gefühle
betreibt
Dokument
komplett
sprachen
liebsten
folgende
Konzerns
Hinsicht
benutzen
speziell
fünfzig
gewissen
erfassen
begrenzt
Aufstieg
Genossen
kommende
ergänzt
stünden
Standard
Gebrauch
Kampagne
abgebaut
drücken
fünften
direkten
absolute
Zentrale
Religion
Merkmale
Sarajewo
Öffnung
einziges
Ähnlich
Kapitän
längere
Gefahren
kritisch
Vielzahl
geringen
erzeugen
Brigitte
Umsätze
Augsburg
gewährt
bewiesen
Hunderte
äußern
Proteste
geworfen
Mercedes
Handwerk
Ensemble
Erstmals
versorgt
Flächen
vermuten
gefällt
schuldig
erfährt
ermordet
drängen
stärken
Zusammen
Anträge
Angriffe
mehrmals
einander
internen
Häusern
Telephon
Rundfunk
damalige
versehen
Hinblick
versetzt
südlich
Sprachen
Vernunft
Unglück
Vielfalt
erlitten
Kandidat
meistens
Günther
leichten
Militär
Norwegen
wünscht
Stürmer
geeinigt
ausgehen
intensiv
Prognose
Portugal
Büchern
Wünsche
vielfach
Christen
Ägypten
vertraut
Therapie
gelingen
Johannes
heftigen
bemühen
globalen
Branchen
gebunden
Schäfer
Plätzen
zugrunde
Vorgaben
spielten
generell
Einsicht
Anzeigen
parallel
Anliegen
erwerben
Substanz
Vorstoß
bewahren
erledigt
vorlegen
vertritt
Akademie
erwähnt
löschen
hierfür
handelte
gerettet
streiten
Kulturen
Kindheit
bewölkt
erlauben
Sportler
geborene
Komödie
Offenbar
aufgeben
geholfen
gestoppt
gelaufen
mitunter
gefüllt
begannen
begegnen
massiven
verließ
Münster
eingeben
zugesagt
mehrerer
Zur Zeit
geleitet
Singapur
stimmten
Nationen
dortigen
aufbauen
Gegenzug
schöner
Festival
Auflagen
Freizeit
studiert
Finanzen
Spielern
Laufzeit
Präsenz
Altstadt
Italiens
begangen
befreien
Kleidung
anderswo
gründen
Märkten
Märchen
nötigen
gewannen
gekostet
getreten
Prozesse
Lächeln
fraglich
Einbruch
verraten
zuordnen
befassen
geregelt
Gerichte
genannte
günstig
Gewissen
kündigt
spürbar
aussieht
moderner
Dresdner
Planeten
momentan
brauchte
sozialer
Juristen
Konzepte
Faktoren
dahinter
Halbzeit
Ausstieg
Gemälde
schaffte
Gesetzes
Tabellen
Senioren
bereiten
Gabriele
Amerikas
markiert
Business
gewidmet
annehmen
Klarheit
Matthias
Partnern
bestraft
Athleten
überaus
sicheren
Konzerne
Königin
Blätter
eingehen
bedienen
Gewinner
anfangen
stürzte
erlassen
gleicher
Vorsicht
Englisch
Anwälte
Finnland
Kürzung
Umfragen
fehlende
angesagt
begegnet
gezählt
gekürzt
wechselt
Resultat
Erholung
spätere
digitale
abgelegt
Friedhof
Strecken
Rhythmus
Siedlung
Springen
negative
Schlacht
schickte
Verleger
Pakistan
Investor
ausbauen
notfalls
umgehend
Zuschuß
Darüber
indessen
belasten
Ausbruch
ausgeben
Darlehen
Lektüre
Chinesen
Projekts
Bestehen
indirekt
Anleihen
Warschau
Weltbank
erfunden
genießt
erfolgte
älteste
präsent
Vereinen
Leiterin
Israelis
Filialen
erweisen
Deswegen
beachten
Anwender
Töchter
Fahrbahn
kümmert
Fünftel
Mehrzahl
beklagen
Dichtung
Priester
Angelika
Budapest
Kräften
Nachteil
Revision
mittlere
Kämpfer
Erträge
Hoffmann
fördert
Eigentum
besuchte
Physiker
Reporter
privater
sechsten
gedruckt
gesteckt
Zuhörer
Urlauber
Eingriff
springen
erkannte
Maßstab
Freilich
richtete
Schulter
lieferte
Zuschlag
Reinhard
strengen
träumen
jüngere
Russland
Begriffe
zeichnen
Früchte
Thailand
notierte
schwache
Polizist
jegliche
Freigabe
dieselbe
insofern
beklagte
bedenken
spiegelt
Gerichts
Leinwand
tödlich
nebenbei
einstige
Duisburg
Original
inmitten
sicherte
Kliniken
Sarajevo
stürzen
Albanien
Konzerte
vorliegt
bewerten
Hochzeit
befanden
Gründer
zuweilen
Die Zeit
Toleranz
Defizite
gestört
berührt
umsetzen
gespannt
übliche
vermißt
betreten
Istanbul
illegale
Erdbeben
gewöhnt
obersten
schlugen
erneuten
Theaters
entzogen
Diktatur
getestet
Attentat
zeitlich
vorsieht
spannend
zukommen
Beträge
dasselbe
Ansätze
Resonanz
Algerien
Anfragen
Beitritt
Reichtum
Den Haag
heiligen
Einfluss
Kämpfen
typische
beendete
Massaker
anstelle
Illusion
Klärung
Euphorie
Spektrum
verlegen
freitags
allerlei
geltende
sicherer
erwischt
diversen
doppelte
allesamt
Hamburgs
Streifen
Marianne
Adressen
abgesagt
Umsatzes
beliebig
Griechen
Flaschen
Nachweis
niedrige
Kreuzung
stützen
Anhebung
Treuhand
Aufsehen
kassiert
vehement
Laufbahn
Unfälle
versuche
präzise
Darunter
Schwarze
Objekten
Visionen
berühmt
jemanden
Aufstand
mächtig
Clintons
verbirgt
bildeten
besetzen
schlafen
Paradies
startete
Schlange
Geschenk
Betracht
Brücken
bewährt
Geräten
Heiligen
Logistik
Insofern
sonntags
abwarten
Schwaben
Saarland
bedauert
genügen
lebendig
Harmonie
scharfen
anbietet
geistige
Insassen
Lehrerin
zulassen
Zählern
Horizont
Semester
verpaßt
Bescheid
Die Welt
Schüsse
Netzwerk
Passagen
Erlebnis
zitierte
Schuster
Slowakei
westlich
radikale
Comeback
Karadzic
Endspiel
geglaubt
billigen
stehende
aufrufen
ertragen
seltener
beschert
heimlich
peinlich
Verstoß
geflogen
Zeitplan
schieben
äußert
Seehofer
Debatten
verdankt
Künftig
schmalen
zugelegt
höherer
Residenz
Elfriede
Spieltag
müssten
Überall
ausüben
durchweg
goldenen
Einblick
Vorzüge
angeregt
Energien
Unschuld
bewirken
Ursprung
Analysen
sogleich
gewisser
samstags
tätigen
sexuelle
Kaufmann
liberale
Bemühen
östlich
verliebt
vorgehen
unsicher
American
Aufbruch
Gesetzen
Systemen
National
zweitens
Gerhardt
ungewiß
gewertet
sonstige
blutigen
Optionen
Erfinder
bewerben
kleinste
Körpers
externen
Malaysia
begraben
Insekten
zunehmen
umfassen
Szenario
kopieren
verfaßt
Formular
meldeten
Diagnose
Wahlgang
morgigen
Kollegin
besseres
entgehen
heftiger
gesunden
Bosniens
schützt
gewaltig
Friedens
Stücken
Löschen
Porträt
jedesmal
anmelden
verstehe
Sonstige
gewartet
verfehlt
Schwerin
Chemnitz
hiesigen
Kommando
feierten
Dichters
gelegene
gefangen
isoliert
bestritt
Zweitens
Salzburg
gerissen
Erhebung
Entweder
zwingend
gelandet
Klientel
Spaniens
beachtet
gerieten
Kardinal
bemerkte
fühlten
Wahnsinn
befunden
Services
Indianer
Vorliebe
Georgios
erteilen
gestimmt
Jahrgang
operiert
drohende
Reserven
Versagen
Tel Aviv
reichten
Attacken
gerückt
gezielte
vermehrt
ablehnen
Drehbuch
Medaille
Aufsicht
heiraten
verstand
Garantie
Offizier
schönes
Eberhard
verleiht
herunter
Helsinki
geborgen
beruhigt
äußere
verhält
Rehhagel
winzigen
Einklang
Dutzende
Gorleben
erbracht
geräumt
Springer
Postbank
Kapitals
stießen
beiseite
Know-how
Kreistag
irischen
zählten
Hartmann
Anlegern
anpassen
abermals
regieren
Franzose
Fabriken
Tagebuch
geheimen
betreuen
beteuert
flexibel
Referent
einigten
folglich
oberhalb
drückte
verbucht
Dietrich
frischen
lächelt
gesungen
Ingeborg
Betreuer
Getreide
Stärken
einmalig
Handvoll
indische
Wählern
auftritt
Dirigent
angenehm
schienen
Ambiente
gelitten
mitteilt
Wohnraum
Romantik
vierzehn
Wahlsieg
Quartett
erneuert
glaubten
Dörfern
herzlich
geflohen
gelernte
unterlag
umgebaut
Blockade
verwandt
Konstanz
Scheiben
Weltweit
Spaltung
Symptome
sachlich
unnötig
Vorabend
hinunter
konstant
Abfälle
kämpfte
älterer
Nikolaus
Zusätze
Erfolgen
Stichtag
zutiefst
Albrecht
erteilte
Kalender
Beachten
normaler
verdammt
öffnete
Anschein
Verstand
änderte
Problems
Haustür
gereicht
Research
Tribüne
Reisende
Christel
Diktator
Fenstern
schießt
seltenen
serviert
Dahinter
logische
Kabarett
Williams
wahrlich
Beihilfe
Bebauung
Networks
bekennen
Werkzeug
halbwegs
SPD-Chef
geraumer
effektiv
Weisheit
überein
populär
Ressorts
Belebung
Desaster
besetzte
wünsche
Preußen
anwesend
Schläge
Größen
hindurch
Bodensee
Kanzlers
Teilchen
Bekannte
rutschte
Jenseits
Schwelle
liegende
optimale
Entgegen
Alptraum
Munition
amtliche
schimpft
englisch
Störung
steigert
Seminare
Kontrast
stabilen
belaufen
Einnahme
beläuft
Brauerei
erstaunt
Parallel
Bayreuth
passende
warteten
Obersten
Renditen
Diplomat
bewegten
extremen
plaziert
gültige
Schubert
Gewinnen
Formel 1
erhoffen
Geliebte
Chemiker
Anregung
Wilfried
bemühte
bedrohte
betonten
verwehrt
Theorien
Kaufhaus
Atlantik
leuchtet
Bezirken
Millionen
vor allem
deutschen
nicht nur
Regierung
nächsten
erklärte
besonders
Deutschen
zunächst
insgesamt
ebenfalls
Frankfurt
Stuttgart
September
Außerdem
kommenden
innerhalb
Münchner
außerdem
größten
lediglich
weiterhin
Situation
berichtet
zumindest
Interesse
erreichen
einzelnen
Kilometer
gemeinsam
Bedeutung
Politiker
Verfahren
Gespräch
Hamburger
Vergleich
Koalition
früheren
Vertreter
Parlament
Industrie
verlassen
Geschäft
jährlich
Zuschauer
ehemalige
Vor allem
Studenten
geplanten
verwendet
Behörden
deutscher
Patienten
beteiligt
Professor
Fernsehen
Künstler
erscheint
gefordert
entstehen
Zeitpunkt
notwendig
kündigte
Forderung
jüngsten
vertreten
teilweise
angeboten
eröffnet
versuchen
Wohnungen
Insgesamt
bestimmte
Vorschlag
verstehen
Schweizer
Bundestag
zufrieden
enthalten
Erfahrung
russische
politisch
vergessen
Kontrolle
laufenden
verbunden
Qualität
mitteilte
erklären
gestiegen
Literatur
angeblich
britische
verkaufen
größere
Frühjahr
Grundlage
aktuellen
geblieben
Besonders
getroffen
Abschluß
zunehmend
ermittelt
erheblich
Schröder
abgelehnt
schreiben
kürzlich
Tradition
Rückkehr
behandelt
geändert
unbedingt
verlieren
Verhalten
Gemeinden
Forschung
wichtigen
wichtiger
schneller
folgenden
Nachfrage
Flughafen
Schicksal
Botschaft
eindeutig
behauptet
schwarzen
mögliche
betroffen
Vorwürfe
vorhanden
übrigens
Gegenteil
Gegensatz
besondere
Beschluß
Karlsruhe
verwenden
offiziell
richtigen
Vertrauen
Änderung
äußerst
Regisseur
praktisch
geöffnet
letztlich
zugunsten
Krankheit
definiert
daraufhin
Franzosen
Nürnberg
Bereichen
gehandelt
Interview
Erhöhung
erreichte
geschickt
angezeigt
erfüllen
Realität
Schreiben
gestorben
geschehen
vermeiden
Einwohner
gerechnet
unterwegs
versuchte
bisherige
Gründung
Wahlkampf
zerstört
Einnahmen
gesichert
bestimmen
Alexander
schließt
aufgebaut
Zeitungen
höchsten
reduziert
Rückgang
schwierig
künftige
bekannten
Strategie
benötigt
schützen
entlassen
Abschnitt
berichten
Sanierung
vorgelegt
Fahrzeuge
Maschinen
Zunächst
Anwendung
Anhänger
Umsetzung
gezwungen
Touristen
Einkommen
Gutachten
Konferenz
abhängig
aufnehmen
damaligen
genügend
verdienen
reagieren
Christian
Charakter
Deutscher
verlangen
Beiträge
Teilnahme
geschafft
Wiesbaden
äußerte
umgesetzt
keinerlei
Programme
einsetzen
Aufträge
behaupten
Nachricht
begleitet
üblichen
Abteilung
erzählen
Verträge
Gegenwart
Kriterien
schlechte
Dividende
Stadtteil
Brasilien
arbeitete
passieren
ungefähr
Microsoft
zentralen
Beziehung
Ausgleich
Feuerwehr
angegeben
übernahm
nationale
IG Metall
Analysten
geschieht
späteren
Belastung
verfügen
Lösungen
gestartet
Bundesrat
Milliarde
häufiger
Kilogramm
Elisabeth
Magistrat
fürchten
Problemen
Bewertung
deutliche
Landkreis
Schwester
festlegen
betreiben
positiven
irgendwie
erweitert
Einheiten
führende
Begegnung
ähnliche
Großteil
in Sachen
forderten
allgemein
Schneider
betrieben
Rußlands
Ablehnung
gewachsen
empfiehlt
errichtet
Osteuropa
scheinbar
kostenlos
Jerusalem
gehörten
auftreten
ansonsten
Transport
erhielten
Parteitag
Beispiele
wünschen
US-Dollar
Vorgänge
reagierte
Betreuung
gestalten
Ausschuß
verhaftet
Dänemark
Betrieben
Vermögen
schnellen
reichlich
Friedrich
Gebühren
kleineren
Europäer
Italiener
Parameter
Haushalte
Phantasie
geleistet
Barcelona
konkreten
entschied
einfachen
gestanden
beitragen
beantragt
besetzten
Scharping
anerkannt
genannten
Maßnahme
verlangte
Fachleute
abgesehen
monatlich
Operation
hinnehmen
gebraucht
verbindet
ausgebaut
Militärs
gestaltet
Dokumente
verfolgen
hinterher
existiert
Geheimnis
Scheitern
Lufthansa
Sicherung
abgegeben
jahrelang
begrüßt
niedriger
spezielle
erinnerte
Instituts
verbinden
umgekehrt
Konflikte
geliefert
Gastgeber
Produkten
Anschluß
Darmstadt
Lastwagen
Antworten
Milosevic
Liberalen
Orchester
Kommentar
einstigen
Rumänien
Einladung
jederzeit
derartige
technisch
angesehen
englische
Besetzung
gesammelt
Verbände
empfangen
sozusagen
Datenbank
Institute
Offenbach
ernsthaft
Statistik
verhalten
Schaffung
studierte
engagiert
jüdische
Esslingen
Sponsoren
Zuordnung
schätzen
Innerhalb
zustimmen
genehmigt
zufällig
Amsterdam
Tourismus
mittleren
kritische
Vorsprung
größter
Mediziner
genießen
FC Bayern
FRANKFURT
inklusive
serbische
versprach
erkennbar
vornehmen
Geschehen
niedrigen
eröffnen
gründete
ermitteln
verdanken
Explosion
beschloß
wachsende
Argumente
erstellen
verläßt
Phänomen
Gerüchte
Schülern
drastisch
Lieferung
entdecken
fürchtet
Nachwuchs
getrieben
erstenmal
Befreiung
Ansonsten
Luxemburg
empfehlen
einzelner
ausfallen
Schweigen
Abenteuer
Redaktion
versteckt
gerichtet
Zumindest
stehenden
Freistaat
spanische
Verbandes
Lediglich
herrschte
Meldungen
Betreiber
gestoßen
Berichten
Gemeinsam
berechnet
schildert
Protokoll
Christine
Offensive
behandeln
Inflation
Übergang
entdeckte
Potential
einfacher
jüngeren
Besuchern
skeptisch
westliche
zeitweise
Bedrohung
scheitern
eventuell
gestohlen
vorliegen
darstellt
verteilen
entfallen
Aufhebung
Prognosen
Flugzeuge
Geschmack
derselben
Ruhestand
empfohlen
Dimension
steigende
Kompetenz
im Grunde
geltenden
Sonnabend
Architekt
Ausnahmen
polnische
Varianten
nördlich
Programms
errichten
Marketing
Planungen
Bedingung
Tübingen
plädiert
überdies
Verlierer
Erziehung
gelöscht
schlimmer
Gesichter
Anzeichen
Austausch
schwachen
Schäuble
gebrochen
gestrigen
Disziplin
Sehnsucht
weltweite
Magdeburg
Siegfried
Spielraum
Zum einen
Ebenfalls
digitalen
Vorjahres
Schwäche
vermieden
entziehen
Überfall
berühmte
gelegenen
Anpassung
vorzeitig
verwiesen
Nachfolge
bestanden
Leipziger
zum einen
Hollywood
erzählte
verlaufen
Fertigung
Zeitalter
Grundsatz
begreifen
verliehen
erhöhten
indischen
studieren
negativen
Bakterien
Befragten
schlossen
Christoph
niemanden
bisweilen
regionale
Südkorea
markieren
Schrecken
rechtlich
verweisen
erfordert
hessische
erweitern
bevorzugt
fünfzehn
Parkplatz
Materials
Rezession
Schriften
früherer
bosnische
stärkere
komplette
Anmeldung
chemische
mangelnde
Netanjahu
kletterte
illegalen
Anordnung
Aufregung
unterhalb
unbekannt
Zahlungen
wenigsten
angepaßt
gänzlich
Daraufhin
Jahrestag
Ermittler
streichen
längeren
erzielten
Ermordung
Hildegard
Fernseher
gewähren
beseitigt
zulässig
Gutachter
Auschwitz
wechselte
Baustelle
Aufnahmen
Kontinent
Schichten
erwartete
blockiert
Umstände
verkaufte
gleichsam
schweigen
Stärkung
schießen
Gebäudes
überlebt
Festnahme
ältesten
angesetzt
Stichwort
versorgen
Tragödie
weibliche
Zulassung
Autonomie
jüngster
wichtiges
Stationen
Jubiläum
Erwartung
gestärkt
stärkste
abgesetzt
gedrängt
Schwarzen
STUTTGART
nächster
Bulgarien
absoluten
Werkstatt
ergänzen
Exemplare
Expansion
begriffen
Verfasser
Schmerzen
entlastet
Tatsachen
wirkliche
ständige
unlängst
deutsches
Empörung
fehlenden
auslösen
Passanten
aufkommen
begleiten
attraktiv
Jahrzehnt
entnehmen
Wohlstand
Standorte
angeklagt
Gestalten
Bundesamt
verläuft
Anhörung
Mandanten
Projekten
Erfindung
geistigen
längerem
untersagt
Differenz
typischen
Neuwahlen
Spielzeit
Intendant
Akzeptanz
überlegt
Metropole
Standards
nächstes
sonstigen
beurteilt
vollzogen
angehoben
Kategorie
radikalen
gestürzt
jeweilige
abgelöst
Potsdamer
günstige
verbieten
verwaltet
Holocaust
Untergang
Komponist
dauerhaft
Einträge
sichtlich
angehört
Landwirte
Plattform
Stockholm
Anweisung
Vermieter
Markieren
verleihen
Zustände
sexuellen
Gebäuden
verhängt
gedrückt
antwortet
Charlotte
liegenden
drohenden
Auftreten
Würzburg
gekämpft
Klinsmann
trainiert
behindert
Kreuzberg
liberalen
Reichstag
einmalige
Katharina
Gymnasium
Meinungen
erfolglos
Klassiker
Rassismus
errechnet
Erhaltung
äußeren
gewaltige
identisch
Rot-Grün
entlasten
Techniken
geeignete
Verletzte
Liebhaber
Billionen
Ansichten
Verbrauch
Favoriten
ignoriert
friedlich
überholt
gesteuert
ausmachen
Container
Werkzeuge
Schultern
Luftwaffe
Offiziere
Sendungen
Matthäus
vorkommen
Angeboten
Erfassung
beziffert
bedeutete
Korrektur
empfunden
staatlich
amtlichen
Torhüter
mitmachen
eingelegt
Vormittag
Steuerung
Vermutung
Bezahlung
Gehälter
Herrscher
gültigen
Besatzung
Esslinger
Bielefeld
Ideologie
anzusehen
entfällt
tägliche
betreffen
Margarete
Publikums
beschrieb
wunderbar
aufhalten
Sympathie
werdenden
stammende
Moderator
Bewerbung
Sparpaket
Auslöser
wertvolle
Münchens
Kaufpreis
eingebaut
Auftritte
eintreten
Sängerin
verlagert
aktiviert
dieselben
Finanzamt
Nachteile
Erzähler
Emotionen
intensive
geringere
auswirken
abgezogen
etabliert
Radfahrer
Gefangene
verbergen
niemandem
schwarzer
ausgelegt
gebilligt
Einbußen
Verdachts
Eingriffe
Einwände
jedermann
entfernen
Paragraph
Beachtung
Protesten
bemerkbar
verrückt
souverän
Frühling
aufhören
entführt
kräftige
einnehmen
einseitig
Entwürfe
empfinden
Offenheit
Techniker
dominiert
entworfen
örtliche
Eintracht
kommunale
Spektakel
Weiterhin
bestellen
Prozesses
Tendenzen
Sparkasse
herrschen
Nordkorea
Nachdruck
doppelten
erledigen
Rückgabe
entkommen
Lübecker
Tschechen
Versuchen
Ästhetik
geschenkt
Übergabe
Bischöfe
Durchgang
anzulegen
verbrannt
Vertrages
gewordene
Bekannten
Scheidung
Verlusten
Kolumbien
Schritten
schönste
denselben
vorrangig
langsamer
Buchungen
Verdienst
verfallen
abzubauen
Nordosten
Bestände
Einspruch
Vernehmen
aufweisen
auskommen
verletzte
entnommen
Halbinsel
Ökologie
ergriffen
zeichnete
Pflichten
verschont
Strahlung
gestattet
erstreckt
Ingenieur
scheitert
Realismus
psychisch
energisch
Händlern
Einigkeit
Provinzen
ergreifen
Absprache
gewählte
Bemerkung
hilfreich
Hannelore
verbietet
Einsätze
verbuchen
bedrohten
offenbart
Begleiter
erschwert
Rüttgers
Wimbledon
Messungen
verborgen
Wettkampf
Weltmarkt
positives
Mitarbeit
Südosten
operative
Drohungen
zugegeben
Besserung
einziehen
Notenbank
Friedberg
Oldenburg
Textilien
Bewohnern
Besondere
entfielen
sofortige
geführte
Auslegung
Ökonomie
begrenzen
Schilling
belgische
vergangen
Landsmann
nirgendwo
Erlaubnis
Reparatur
Befragung
kleinsten
Wolfsburg
Sitzungen
schwärmt
Anneliese
demselben
iranische
erörtert
Versionen
Absichten
abzugeben
Wehrmacht
steigerte
Vorträge
Slowenien
entsprach
verdiente
Lohnarten
Theologie
Abbildung
Angreifer
Getränke
höchster
Computern
bekämpft
irakische
Verlegung
Selektion
Plädoyer
verhelfen
Angriffen
Wünschen
befragten
Festivals
virtuelle
Schreiber
abzusehen
Kritikern
jeglicher
obendrein
tagsüber
Eroberung
Effizienz
Philosoph
ergänzte
sportlich
Hindernis
nominiert
Überdies
mithalten
Anbietern
mächtige
bekannter
fröhlich
deutschem
sinnvolle
gestützt
Plutonium
Heimspiel
verbracht
gefertigt
einfallen
entfalten
empfindet
vormittag
Rufnummer
Reisenden
Elementen
dienstags
Tübinger
Dimitrios
Vorfahren
Jordanien
Wirkungen
angewandt
verkürzt
Gefühlen
Neubauten
versäumt
umzugehen
Nationale
Fundament
Ernennung
Abgesehen
verfolgte
begnügen
Gedichten
erstattet
beruhigen
dotierten
Arbeitern
mitteilen
römische
Warnungen
ausgeübt
Oberursel
liebevoll
verankert
arabische
kassieren
Kriterium
Tausenden
Redakteur
Klischees
abstimmen
lieferten
dänische
entspannt
kündigen
gegriffen
beliebten
erzwingen
Heilbronn
Geliebten
Leitungen
inwieweit
Ablösung
Anbindung
ereignete
Christina
aggressiv
Eisenbahn
Sensation
brauchten
moralisch
vorweisen
begrenzte
Anstalten
Raumfahrt
Sozialamt
angerufen
Belgrader
heimische
Blättern
verwalten
Zeichnung
wörtlich
Zigarette
Entsetzen
antworten
St. Pauli
Beethoven
beschwert
Kunstwerk
vergebens
Belohnung
komplexen
Vergessen
nützlich
bedauerte
Konflikts
längerer
versetzen
Kameraden
einsparen
Anführer
Vorbilder
verfügte
Angeblich
gängigen
allerdings
Milliarden
gegenüber
Geschichte
Präsident
inzwischen
Donnerstag
überhaupt
eigentlich
vielleicht
Frankreich
Wirtschaft
natürlich
politische
Verfügung
mindestens
Mitglieder
Wochenende
ehemaligen
Allerdings
Mannschaft
Hauptstadt
Sicherheit
entwickelt
Diskussion
jedenfalls
Produktion
berichtete
angesichts
russischen
verhindern
bezeichnet
plötzlich
eingesetzt
bisherigen
Opposition
Maßnahmen
bestätigt
Wettbewerb
Konkurrenz
sogenannte
Erklärung
erschienen
möglichst
Vielleicht
Gespräche
weitgehend
britischen
entstanden
bestimmten
Washington
vorgesehen
Ergebnisse
zahlreiche
Leistungen
vermutlich
verurteilt
Verwaltung
Verbindung
geschaffen
Amerikaner
gegründet
gemeinsame
Demokratie
Widerstand
außerhalb
wesentlich
Nachfolger
entspricht
Kommission
Polizisten
wenigstens
Übernahme
entwickeln
Zustimmung
Natürlich
in Zukunft
keineswegs
Interessen
Ausbildung
verzichten
Teilnehmer
kritisiert
verstärkt
möglichen
Initiative
überzeugt
Geburtstag
gesprochen
schließen
Engagement
Ausländer
jeweiligen
endgültig
Auffassung
Inzwischen
Kandidaten
erscheinen
zuständig
Generation
nationalen
Niederlage
Förderung
vorstellen
Investoren
Geschäfte
verändert
Hersteller
definieren
Behandlung
größeren
Rücktritt
Angesichts
Verfassung
westlichen
festgelegt
Positionen
Erinnerung
Bundeswehr
Autofahrer
angenommen
künftigen
gearbeitet
informiert
Eröffnung
Gefängnis
betrachtet
zugeordnet
verbessern
führenden
übernimmt
diskutiert
beschreibt
Revolution
verhindert
begründet
gefährdet
Strukturen
staatliche
technische
besonderen
verspricht
Tätigkeit
beteiligen
Innenstadt
demnächst
produziert
bosnischen
Höhepunkt
finanziert
verbessert
jüdischen
Verbrechen
Funktionen
untersucht
ausgelöst
wichtigste
ausgesetzt
Verwendung
englischen
Abstimmung
Bundesliga
erhebliche
ausgegeben
verzichtet
bundesweit
beobachtet
verstanden
eingeladen
Zuschauern
erläutert
Nachmittag
wiederholt
aufgerufen
Management
Jahresende
New Yorker
sämtliche
Kompromiß
geschlagen
Gesundheit
Augenblick
Sprecherin
angewiesen
vereinbart
Bundesbank
investiert
Südafrika
japanische
versichert
irgendwann
beobachten
Zentimeter
Ereignisse
Identität
allenfalls
spanischen
serbischen
Australien
Landschaft
bayerische
Eigentlich
höchstens
aufmerksam
Beobachter
vermitteln
verändern
türkische
schlechter
Schlüssel
Erkenntnis
Hoffnungen
Umständen
unmöglich
schlechten
diejenigen
übergeben
Mitteilung
gefördert
allgemeine
teilnehmen
erklärten
sicherlich
hessischen
Aktionäre
verhandelt
vermittelt
erschossen
Versorgung
notwendige
finanziell
Steigerung
glücklich
Gestaltung
Lafontaine
versuchten
polnischen
womöglich
aufgehoben
verbreitet
vergeblich
Hochschule
Auflösung
Angeklagte
einstellen
Konjunktur
offizielle
akzeptiert
Politikern
Restaurant
gestrichen
garantiert
weltweiten
bestehende
geschätzt
nachmittag
vorwiegend
freiwillig
verursacht
Vorgänger
Jahrzehnte
begeistert
mitgeteilt
verschoben
berühmten
reduzieren
Reaktionen
geäußert
einerseits
Bildschirm
überlegen
formuliert
Ansprüche
Verletzung
aufgegeben
seinerzeit
Aufschwung
Vertretern
Kilometern
gesteigert
Herrschaft
betrachten
wachsenden
Böblingen
zugelassen
Schönheit
in der Tat
Fraktionen
Unterricht
Minderheit
Regelungen
Unterlagen
Instrument
Aussichten
Verteilung
aller Welt
Definition
konsequent
ehemaliger
Erzählung
verhandeln
Gegenstand
Konsequenz
Heidelberg
verkündet
verweigert
vorsichtig
darstellen
Abrechnung
erwarteten
Thüringen
örtlichen
speziellen
umfassende
Bewegungen
inszeniert
kritischen
zugestimmt
Entlastung
Korruption
Historiker
klassische
kulturelle
ähnlichen
Gegenüber
regionalen
Journalist
deutlicher
Durchbruch
Schumacher
arabischen
aufgelöst
benötigen
Zuschüsse
fortsetzen
Erwachsene
Parlaments
Parteichef
umstritten
scheiterte
Passagiere
Rücksicht
Menschheit
beherrscht
existieren
Treffpunkt
Greenpeace
verringert
geschützt
erreichten
stärksten
Fähigkeit
vorläufig
deutlichen
schönsten
Entdeckung
Leverkusen
verwandelt
Immobilien
bezeichnen
Überblick
Kündigung
Umstellung
Komponente
steigenden
freundlich
restlichen
Bibliothek
Münchener
verglichen
Entlassung
bearbeitet
heimischen
Kürzungen
Sanktionen
Halbfinale
realisiert
Verfolgung
Optimismus
einstimmig
täglichen
verteidigt
Brüsseler
vergangene
Karlsruher
kommunalen
verdoppelt
bearbeiten
Beratungen
vollkommen
Ministerin
Delegation
Kandidatur
neuerdings
Kubikmeter
Arbeitsamt
Bearbeiten
Mißbrauch
überleben
dramatisch
Stadtwerke
übersehen
Tschechien
Göppingen
südlichen
eineinhalb
schwierige
Auswertung
Berechnung
angemeldet
Erfüllung
angehören
zugenommen
Entfernung
angebracht
Gefangenen
gleichwohl
geschossen
Mannesmann
integriert
Straftaten
vertrieben
weiblichen
besonderer
rot-grüne
Spannungen
Ausweitung
erarbeitet
Behauptung
gesetzlich
Überleben
Indonesien
unbekannte
Diplomaten
Kontrollen
beauftragt
eröffnete
gründlich
Errichtung
verringern
aufzubauen
Substanzen
Jedenfalls
ständigen
zunehmende
Entstehung
römischen
Empfehlung
gefährden
günstigen
nachweisen
östlichen
Südwesten
profitiert
Gleichwohl
Demokraten
einbezogen
zweifellos
Marktplatz
Haftbefehl
Künstlern
bekämpfen
Bestellung
Interviews
Selbstmord
Unbekannte
Bayerische
Empfänger
vorhandene
angemessen
übersetzt
begrüßte
Engländer
chemischen
Experiment
Dortmunder
Zahlreiche
Grundlagen
anzubieten
Stadthalle
Währungen
Einzelfall
Staatschef
derzeitige
angeordnet
Vergnügen
arbeitslos
beseitigen
ihrerseits
vornherein
Ressourcen
orientiert
Verfahrens
Präsidium
festhalten
Einwohnern
kräftigen
Schwächen
Bundesland
gewordenen
religiöse
Fahrzeugen
verbringen
einrichten
berechtigt
rechtliche
Übersicht
gewaltigen
Zivilisten
bescheiden
Bewährung
bestimmter
Biographie
annähernd
Bestimmung
angefangen
beurteilen
Einhaltung
bestreiten
Prinzipien
heutzutage
herstellen
abgestimmt
Kapazität
sportliche
auswählen
bestritten
gebürtige
anderthalb
Aufenthalt
angetreten
gewünscht
Mißtrauen
Freiburger
praktische
moralische
Buchstaben
angekommen
Umwandlung
nachhaltig
Häftlinge
zerstören
Broschüre
wirklichen
Mannheimer
Katholiken
Autorität
Aussteller
Rückstand
entdeckten
Plötzlich
verknüpft
verfügbar
begrüßen
bedeutende
gewählten
Mindestens
Zigaretten
Verwandten
vernichtet
bestreitet
irakischen
Priorität
versammelt
Ingenieure
erreichbar
besonderes
belgischen
Entsorgung
antwortete
Stammdaten
russischer
größerer
Mittelfeld
Behinderte
Schwestern
Ortsbeirat
keine Rede
Erneuerung
Verordnung
verlautete
engagieren
Störungen
Hansestadt
mächtigen
verwandeln
Aktivität
einbringen
behauptete
Handwerker
Erstellung
historisch
Kriegsende
Betrachter
reagierten
analysiert
verweigern
korrigiert
eingestuft
Landesbank
umzusetzen
Landsleute
Konzeption
Fahrgäste
ordentlich
Einordnung
Satelliten
günstiger
verwickelt
iranischen
problemlos
jährliche
Straßburg
Ernährung
Rechnungen
Kenntnisse
Beendigung
verdrängt
verstoßen
Anschläge
engagierte
Ermittlung
Großstadt
beantragen
Westeuropa
Resolution
Beschwerde
Unterkunft
dänischen
ausgemacht
arbeiteten
geforderte
dazwischen
Sparkassen
abgenommen
führender
Abwicklung
anzunehmen
Untergrund
veranlaßt
Überhaupt
Vermutlich
Begleitung
begründen
plädierte
Temperatur
ähnliches
schwächer
angebliche
Bekenntnis
Kundschaft
Kundgebung
gekündigt
Flughäfen
Multimedia
spekuliert
aufbringen
möglicher
Hessischen
zukünftig
Irgendwann
wenngleich
In der Tat
80er Jahre
unerwartet
Schottland
Wohnzimmer
kroatische
verschafft
willkommen
berufliche
erschöpft
geführten
Nationalen
männliche
junge Mann
Motivation
Göttingen
Standpunkt
verlangten
Einsamkeit
derartigen
Schauspiel
Festlegung
Vertretung
Augsburger
Verkäufer
Lebensjahr
Ergänzung
vertreiben
operativen
Künstlers
verkauften
Kanzleramt
Auskünfte
Nordirland
Programmen
Neuordnung
Gouverneur
ausführen
trainieren
Skulpturen
nationaler
regelrecht
bezüglich
Äußerung
Regensburg
verbreiten
erarbeiten
entfernten
Volkswagen
virtuellen
Prinzessin
Elektronik
Hierarchie
friedliche
verlorenen
Maastricht
Verwirrung
Millimeter
langweilig
tödlichen
beinhaltet
kurzerhand
unterhält
Strategien
äußerten
amtierende
Vorwürfen
ausreichen
abgerissen
Verhaftung
Zimmermann
Mathematik
befördert
geeigneten
Prüfungen
nachdenken
verkraften
Aufsteiger
Referendum
Niedergang
verärgert
einführen
geringeren
kurdischen
Standorten
Bedürfnis
Ausschluß
Vorurteile
Anhängern
eindeutige
hinterlegt
Wiederwahl
entspreche
Erkrankung
Kopenhagen
bezweifelt
Bad Vilbel
Geldstrafe
künstlich
eingegeben
Betroffene
Flughafens
Neuseeland
Aufteilung
Handlungen
ungeachtet
SAP-System
umgebracht
benötigte
Vermittler
Richtungen
pünktlich
Kennzahlen
verbraucht
Fußballer
aufgeteilt
aktivieren
westlicher
Anregungen
verbotenen
Autobahnen
Schauplatz
Siedlungen
etablieren
blockieren
verschwand
Hauptsache
britischer
inhaltlich
Streichung
Zielgruppe
gewechselt
intensiver
überwacht
ähnlicher
absolviert
europaweit
wahrnehmen
Freispruch
Vorbehalte
Darsteller
konzipiert
Alliierten
gezeichnet
sonderlich
schlechtes
Vorschrift
Gentechnik
verletzten
Propaganda
Zuversicht
Maßstäbe
Kategorien
überzogen
Atomwaffen
angestrebt
Verdienste
englischer
gehörende
Konsortium
Alleingang
Großvater
relevanten
fasziniert
Nahverkehr
reserviert
verdoppeln
Einbrecher
kostenlose
attraktive
Verletzten
eingespart
aufzugeben
Stillstand
Kartoffeln
Transrapid
islamische
Fotografen
angelegten
eingreifen
anhaltende
appelliert
ausgezahlt
Politische
dementiert
Dunkelheit
Verbänden
verbrachte
Erscheinen
University
Nordwesten
erfreulich
Vernehmung
Fernsehens
Repertoire
schwersten
DDR-Zeiten
Gesamtjahr
Supermarkt
Geschlecht
zueinander
Fachleuten
verließen
Kommentare
jüdischer
Kleinstadt
Hafenstadt
Besonderes
Bundesbahn
abgewiesen
Einerseits
Nachdenken
Entschluß
Recherchen
Allgemeine
Technische
drastische
angeführt
namentlich
absehbarer
verkünden
Haushalten
Langeweile
kompletten
Börsianer
Mailänder
größeres
Sauerstoff
Ingolstadt
Kunststoff
Reichweite
eingeplant
Konkurrent
erweiterte
auszubauen
juristisch
stärkeren
flüchtete
ernsthafte
Innovation
Taxifahrer
verzögert
verstecken
Kunsthalle
Begrenzung
Schätzung
gewürdigt
Oberbayern
Ambitionen
geprägten
eingezogen
verwundert
Mehrheiten
ethnischen
einsteigen
Gewißheit
Regisseure
Gläubiger
Christiane
Schröders
verbundene
abgestellt
Haftstrafe
Rückblick
Kunstwerke
regulären
ungeklärt
Einflüsse
durchsucht
schlichten
prophezeit
prominente
Abtreibung
Aufträgen
verschickt
Thüringer
Beiträgen
gestritten
steigender
90er Jahre
Ost-Berlin
unheimlich
derjenigen
einmaligen
eingeweiht
Konvention
auftauchen
Avantgarde
versichern
Mobilität
25jährige
Holländer
abzuwarten
Kindergeld
angestellt
innovative
Astronomen
Tiergarten
kombiniert
Pädagogen
Srebrenica
begrenzten
Tankstelle
Hauptrolle
Jahreszeit
Verwertung
kündigten
unterliegt
Sporthalle
Aufschrift
niedrigere
Mazedonien
Faschismus
Islamisten
30jährige
Verstöße
aufstellen
angewendet
beantragte
aneinander
Vorgängen
bezifferte
Tony Blair
Baustellen
Erlebnisse
Wichtigste
zerstörte
Trendwende
Erzbischof
landesweit
dominieren
abgehalten
Illusionen
John Major
Deutschland
Unternehmen
vergangenen
Entwicklung
Mitarbeiter
politischen
Frankfurter
Ausstellung
sogenannten
Stuttgarter
entschieden
Vorsitzende
entscheiden
übernehmen
Hintergrund
Jahrhundert
geschlossen
erfolgreich
übernommen
aufgenommen
Verhältnis
Erfahrungen
gemeinsamen
Düsseldorf
Einführung
geschrieben
Arbeitgeber
wichtigsten
zusätzlich
beschlossen
automatisch
Jugendliche
Bedingungen
Beziehungen
Beteiligung
Österreich
Darstellung
Herstellung
Forderungen
öffentlich
bezeichnete
Vorstellung
zahlreichen
miteinander
staatlichen
Krankenhaus
bestätigte
bayerischen
Einrichtung
Gelegenheit
übertragen
eingestellt
Mittelpunkt
allgemeinen
Helmut Kohl
technischen
Alternative
ermöglicht
Brandenburg
Begründung
japanischen
kritisierte
unmittelbar
Information
Erwartungen
Sowjetunion
Änderungen
Unternehmer
vorgestellt
Vorschläge
stattfinden
unterdessen
Vereinigung
Geschichten
Unterschied
türkischen
Kooperation
persönlich
Atmosphäre
unabhängig
finanzielle
gescheitert
offiziellen
politischer
organisiert
Angeklagten
spätestens
vorgeworfen
eingeführt
vorbereitet
Jahrzehnten
Einstellung
entwickelte
Abgeordnete
Verbraucher
bestehenden
Kennzeichen
betroffenen
befürchten
Anerkennung
notwendigen
vorgenommen
historische
befürchtet
Betroffenen
klassischen
Gesprächen
durchsetzen
ausreichend
Mitgliedern
Nachrichten
beschrieben
Landgericht
Integration
Aufklärung
umgerechnet
Hochschulen
hierzulande
Materialien
begründete
hergestellt
Ministerium
profitieren
rechtzeitig
Regierungen
Bemühungen
Weltmeister
überrascht
israelische
finanzieren
Katastrophe
langfristig
Fortsetzung
zuständige
Genehmigung
eigentliche
Erweiterung
informieren
fortgesetzt
Beteiligten
Frankreichs
Zeitschrift
Weihnachten
registriert
Widerspruch
enttäuscht
Architekten
überlassen
vorhandenen
Bezeichnung
gefährlich
Schwerpunkt
dargestellt
Bewußtsein
beteiligten
kurzfristig
Jugoslawien
diskutieren
Architektur
Kommunisten
beschränkt
bestätigen
Vordergrund
Philosophie
Perspektive
schwierigen
Customizing
akzeptieren
investieren
menschliche
im übrigen
entscheidet
produzieren
allmählich
überzeugen
überprüft
interessant
berichteten
Gemeinderat
Ludwigsburg
Schließung
Kombination
Eigentümer
Marktanteil
Theo Waigel
erheblichen
versprochen
Technologie
aufgestellt
Unterdessen
Grundstück
Verteidiger
entsprechen
gegenseitig
feststellen
Abschaffung
Sozialhilfe
Stabilität
derzeitigen
Krankheiten
beigetragen
hingewiesen
versicherte
Bestandteil
Botschafter
Bayerischen
verlängert
Angestellte
Bekämpfung
Bearbeitung
Delegierten
eingeleitet
Medikamente
Bürgerhaus
Oberfläche
kulturellen
erläuterte
anläßlich
eines Tages
verteidigen
ausgeführt
politisches
chinesische
Nürnberger
Nummer eins
Zerstörung
Niederlande
Komponenten
Fortschritt
Aufführung
Transaktion
erleichtert
ausgewiesen
umstrittene
erhältlich
Zusätzlich
katholische
schwieriger
Los Angeles
auseinander
Sozialisten
Belegschaft
städtische
umfassenden
Gesetzgeber
aufzunehmen
eingeräumt
endgültige
Ausstattung
Belastungen
verarbeitet
untersuchen
rot-grünen
beschreiben
verschaffen
religiösen
Börsengang
Versprechen
Steffi Graf
aufgeführt
voneinander
keinesfalls
eingegangen
Im übrigen
Vermittlung
Reduzierung
Kalifornien
Versammlung
Arbeitszeit
Bertelsmann
Angehörige
Wall Street
islamischen
ausgegangen
gegründete
Arbeitslose
Argentinien
Sozialismus
aufeinander
Aktienmarkt
bekanntlich
überwinden
stattfindet
angegriffen
zum anderen
unterhalten
Wohnungsbau
zugänglich
wesentliche
verbesserte
Komponisten
Zeichnungen
kommentiert
Mitternacht
einzusetzen
Professoren
gewünschte
Lieferanten
gesetzliche
Betriebsrat
kroatischen
verzeichnet
bewältigen
ausgewählt
Grundgesetz
verkündete
installiert
Anwendungen
verstärken
Amtsgericht
Commerzbank
zweieinhalb
beantworten
Sachschaden
Ergebnissen
versprechen
Situationen
erleichtern
erstaunlich
männlichen
Ausführung
Institution
Erwachsenen
jährlichen
orientieren
Zentralbank
beschädigt
Verbreitung
eingebracht
Ausländern
Abschiebung
Beschwerden
unbekannten
Initiativen
beeinflußt
natürliche
vergleichen
sportlichen
wiederholen
garantieren
Reihenfolge
Instrumente
sorgfältig
Freilassung
ökologisch
Verhandlung
Terroristen
Konditionen
vorgesehene
Bundestages
Landstraße
Beschlüsse
ausgestellt
vornehmlich
vor Steuern
rechtlichen
nördlichen
beantwortet
Gerichtshof
verbundenen
eingetragen
Vermarktung
gespeichert
Restaurants
Differenzen
Bad Homburg
verzeichnen
asiatischen
Teilnehmern
verschärft
Spätestens
Grundschule
unternommen
eingehalten
weitergehen
schriftlich
unternehmen
maßgeblich
überwunden
angesiedelt
Erscheinung
anstehenden
realisieren
Zum anderen
Geschäften
zunehmenden
verteidigte
Mittelalter
Nordamerika
Produzenten
abgeschafft
Wiesbadener
Richtlinien
freigegeben
sowjetische
kritisieren
beruflichen
benötigten
verurteilte
Annäherung
protestiert
gemeinsames
ausgebildet
Gaststätte
Beurteilung
verstärkte
frühzeitig
Versöhnung
ausgetragen
mißbraucht
abgebrochen
Beobachtung
Gedächtnis
Tschernobyl
Wahrnehmung
überfallen
moralischen
Künstlerin
angeblichen
umgewandelt
Rentenmarkt
unterstellt
verheiratet
beherrschen
Operationen
veränderte
zahlreicher
ausgefallen
eingereicht
staatlicher
Südamerika
olympischen
Traditionen
Neuregelung
Ministerien
beeindruckt
Sommerpause
Experimente
Bundesstaat
schlimmsten
legendären
gewöhnlich
Herausgeber
Nahen Osten
Abwesenheit
vorgelegten
Niederlagen
eingetreten
beschuldigt
griechische
anscheinend
Frühstück
Bauarbeiten
vergangener
realistisch
ostdeutsche
aufgefallen
dramatische
anhaltenden
Begegnungen
bewaffneten
unterstrich
Vertreibung
Renaissance
Beseitigung
Anwesenheit
Vernichtung
verschieben
kanadischen
Wettbewerbs
Fußgänger
Landratsamt
ebensowenig
offenkundig
bedeutenden
Dimensionen
verlängern
vorbereiten
technischer
Transparenz
vorgeführt
schwedische
verwendeten
frühestens
Aufstellung
appellierte
bekräftigt
Performance
Intelligenz
praktischen
Kompetenzen
potentielle
Jahrtausend
Investition
Amerikanern
individuell
vorbehalten
juristische
Entführung
geforderten
Lieferungen
Ausrichtung
aufgetreten
eingenommen
kirchlichen
Rindfleisch
Aktionären
verzweifelt
abgewickelt
Besteuerung
Naturschutz
kompliziert
formulierte
zukünftige
Konsumenten
Terrorismus
Berti Vogts
seinerseits
Kommunismus
Stellenwert
christliche
nachgedacht
abgeschoben
Philosophen
Bremerhaven
ungarischen
Volkspartei
theoretisch
Betrachtung
Kalkulation
Föderation
angegebenen
verbreitete
attraktiver
großzügig
korrigieren
zerstörten
Mittelstand
ländlichen
Bürokratie
Botschaften
ausgenommen
elektrische
aufgestockt
Offenbacher
Corporation
überwachen
Psychologie
Heimatstadt
verursachen
Durchmesser
friedlichen
Gefährdung
Afghanistan
Überschuß
ausgeweitet
Ausscheiden
Ausrüstung
besichtigen
künstliche
aufgebracht
Verlagerung
Turbulenzen
kandidieren
vereinbarte
Abteilungen
Entspannung
Todesstrafe
niedrigeren
alternative
unglaublich
bestenfalls
Gorbatschow
Bauarbeiter
beginnenden
Geständnis
freundliche
integrieren
gestiegenen
definierten
Anmeldungen
Parkplätze
vereinbaren
Problematik
Disposition
regierenden
eingebunden
freiwillige
Allgemeinen
Ereignissen
entstandene
Chemikalien
Qualitäten
Eigenschaft
angestrebte
sogenannter
prinzipiell
angemessene
beibehalten
Faszination
verkörpert
vorgetragen
widersprach
gleichfalls
Paragraphen
stationiert
hoffentlich
ausgewertet
Großmutter
angebotenen
Philippinen
lächerlich
aufgeklärt
Territorium
beschließt
Statistiken
Anweisungen
Intensität
Baden-Baden
gehörenden
Provokation
vernünftig
Großhandel
Einwanderer
Erforschung
engagierten
analysieren
Absicherung
Initiatoren
unterliegen
Grundsätze
Amtsantritt
Behinderten
etablierten
Ostberliner
verzichtete
Engagements
wiederholte
abgerechnet
häufigsten
Stückliste
amtierenden
Trinkwasser
angerichtet
erweiterten
praktiziert
Normalität
Rückschlag
Psychologen
ausgleichen
mitgebracht
Komposition
Stadtgebiet
unzufrieden
Gültigkeit
hinterlegen
aufgetaucht
Sexualität
vorzunehmen
Korrekturen
telefonisch
Versicherer
Renovierung
umliegenden
verarbeiten
Beckenbauer
Stattdessen
schlechthin
Bemerkungen
enthaltenen
Geldpolitik
Stadtteilen
Wochenenden
überwiesen
formulieren
festzulegen
donnerstags
Anschlägen
Lehrstellen
vorstellbar
Absolventen
Technischen
ausverkauft
vorsorglich
Verspätung
humanitäre
Filmemacher
drastischen
erheblicher
Augenzeugen
Kernenergie
steuerliche
Intendanten
Einschnitte
Hindernisse
dreieinhalb
Unbekannten
Reisebüros
Bekanntgabe
Aktienkurse
Königreich
Erdgeschoß
Sozialstaat
musikalisch
Sprengstoff
Strafkammer
Südafrikas
angefordert
Schilderung
körperlich
erwartenden
hinreichend
abgesichert
Spekulation
Erzeugnisse
wechselnden
Christopher
orientierte
geschrumpft
stundenlang
vorläufige
Extremisten
schließlich
Gesellschaft
Entscheidung
zum Beispiel
immer wieder
Möglichkeit
Bevölkerung
tatsächlich
Universität
Präsidenten
Zusammenhang
gleichzeitig
insbesondere
Schließlich
mittlerweile
beschäftigt
Deutschlands
nach wie vor
nicht einmal
verschiedene
Organisation
Journalisten
unterstützt
angekündigt
Unternehmens
Jugendlichen
öffentliche
Flüchtlinge
europäische
Jahrhunderts
zusätzliche
entsprechend
interessiert
Vorsitzender
präsentiert
Untersuchung
Arbeitnehmer
verpflichtet
erforderlich
regelmäßig
Finanzierung
Quadratmeter
Mitarbeitern
Gleichzeitig
historischen
Abgeordneten
festgenommen
Ermittlungen
in der Regel
Wissenschaft
Wirklichkeit
Aktivitäten
Verständnis
eingerichtet
Auswirkungen
ausgerechnet
aufgefordert
Gewerkschaft
städtischen
festgestellt
überwiegend
Vorsitzenden
Schauspieler
Veranstalter
finanziellen
ermöglichen
wesentlichen
Konsequenzen
israelischen
vollständig
gegenwärtig
Gemeinschaft
Arbeitsplatz
persönliche
Tatsächlich
menschlichen
funktioniert
Konkurrenten
andererseits
Verbesserung
zuständigen
Verletzungen
Äußerungen
Vereinbarung
italienische
ostdeutschen
katholischen
chinesischen
Arbeitsmarkt
Republikaner
Verteidigung
unverändert
gelegentlich
Vorbereitung
Andererseits
Bereitschaft
Aufsichtsrat
entscheidend
Inszenierung
überprüfen
Bill Clinton
Durchschnitt
Solidarität
gesetzlichen
veranstaltet
entschlossen
sowjetischen
umstrittenen
Überzeugung
verschwunden
Angestellten
ausgestattet
konzentriert
Umweltschutz
Steuerreform
Diskussionen
Tagesordnung
Erkenntnisse
Erinnerungen
Verbindungen
Asylbewerber
Zum Beispiel
Staatsanwalt
optimistisch
Veränderung
Griechenland
Rechtsanwalt
Unterschiede
verschwinden
erfolgreiche
gewünschten
kontrolliert
Angehörigen
Schätzungen
TAGESSPIEGEL
Einzelheiten
Ankündigung
eigentlichen
durchgesetzt
Vorschriften
Tageszeitung
Subventionen
Arbeitslosen
Niederlanden
griechischen
Temperaturen
Einsparungen
durchführen
Begeisterung
Einzelhandel
Beschreibung
Boris Jelzin
entwickelten
Schlagzeilen
Generationen
Perspektiven
Alternativen
Insbesondere
Lebensmittel
ökologische
organisieren
hinterlassen
Mannschaften
Kindergarten
Mittlerweile
Immer wieder
benachbarten
angesprochen
vorgesehenen
christlichen
Bürgerkrieg
hinsichtlich
Fortschritte
Freundschaft
Fähigkeiten
festgehalten
natürlichen
Verarbeitung
Versicherung
Leidenschaft
ausgeliefert
kommentierte
Unterhaltung
dokumentiert
Übertragung
verantworten
konfrontiert
Berechnungen
medizinische
unabhängige
vorliegenden
Bestimmungen
organisierte
bekräftigte
traditionell
demonstriert
individuelle
Feststellung
Erzählungen
beeinflussen
umfangreiche
Wiederaufbau
nachgewiesen
Konstruktion
Klaus Kinkel
dramatischen
unterbrochen
ausgeglichen
Unsicherheit
schwedischen
vereinbarten
signalisiert
endgültigen
Übersetzung
strategische
Jahresbeginn
konservative
veränderten
Hauptbahnhof
beschränken
Erklärungen
Europäische
Steuerzahler
musikalische
Entsprechend
Auszeichnung
mehrheitlich
SPD-Fraktion
Landtagswahl
vergleichbar
selbständig
Verzweiflung
Grundstücke
Boris Becker
Marktführer
Installation
Orientierung
Hubschrauber
Verurteilung
interessante
argumentiert
Überwachung
Kapazitäten
Kommunalwahl
herzustellen
vorläufigen
Aufforderung
verwirklicht
ausführlich
beschließen
unterrichtet
gefährliche
Ost und West
gegründeten
Verschiebung
literarische
Schreibtisch
ausgerichtet
Technologien
Arbeitgebern
Spezialisten
Bestätigung
Zeitgenossen
potentiellen
Schwerpunkte
verpflichten
Dritten Welt
Bedürfnisse
langjährige
langfristige
verschwindet
wahrgenommen
evangelische
überfordert
einheitliche
Daimler-Benz
betreffenden
beschlossene
zukünftigen
Tagesspiegel
juristischen
Minderheiten
überzeugend
protestieren
Unterschrift
sächsischen
hervorragend
Funktionäre
unzureichend
entstandenen
Gottesdienst
Berechtigung
Gegenstände
Realisierung
systematisch
einzustellen
Jahrhunderte
Befürworter
Entscheidend
Ministeriums
Formulierung
einzurichten
Innensenator
Kapitalismus
Auslieferung
verstorbenen
Aufwendungen
ausgebrochen
vermeintlich
so genannten
übertroffen
ökonomische
Präsidentin
Geheimdienst
Auftraggeber
Überstunden
Arbeitskreis
elektrischen
verständigt
Braunschweig
Kreativität
automatische
erschließen
Empfehlungen
beschleunigt
teilgenommen
Maschinenbau
herangezogen
festgelegten
Österreichs
Landgerichts
widerspricht
verbesserten
einzuführen
Roman Herzog
Versicherten
Tätigkeiten
bezeichneten
geschlossene
mutmaßliche
grundlegende
wöchentlich
Landschaften
Bestellungen
Wiederholung
veranschlagt
Heidelberger
abgelaufenen
ausgetauscht
Ausgerechnet
Bundesgebiet
schrittweise
Saarbrücken
ausgerüstet
kritisierten
veranstalten
Produktionen
Zivilisation
renommierten
bekanntesten
Sindelfingen
Intervention
freiwilligen
erschüttert
künstlichen
abschließen
versammelten
Verzögerung
darzustellen
Medikamenten
US-Regierung
Volker Rühe
ausreichende
qualifiziert
Außenseiter
Erkrankungen
Ausstrahlung
freigelassen
körperliche
Kontinuität
Darmstädter
verzeichnete
Verringerung
übermittelt
verbreiteten
komplizierte
Popularität
Studierenden
irgendwelche
beabsichtigt
gentechnisch
Vorschlägen
aufgewachsen
alternativen
Jugendarbeit
menschlicher
historischer
überstanden
Wettbewerber
verfügbaren
Verstärkung
anschließen
bestätigten
Zehntausende
industrielle
Überschrift
eingesetzten
Durchsetzung
Kontrahenten
untersuchten
geringfügig
Entlassungen
ägyptischen
Einbeziehung
bundesweiten
nachzudenken
erschienenen
Verbündeten
verstärkten
vergrößert
Marktanteile
vernünftige
registrieren
Grad Celsius
Evangelische
eingetroffen
militärisch
Statistische
verbliebenen
Abgeordneter
CDU-Fraktion
Südostasien
tschechische
übertrieben
Bibliotheken
zugehörigen
Eigenkapital
begründeten
Gelassenheit
rückgängig
Erwin Teufel
Befürchtung
Nach wie vor
zurückgehen
bürgerliche
nächtlichen
Kostenstelle
aufgebrochen
Werkstätten
Abweichungen
demokratisch
freundlichen
Arzneimittel
Straßenbahn
befürwortet
letztendlich
verunsichert
Buenos Aires
Verknüpfung
Johannes Rau
Jugendlicher
Tarifvertrag
angrenzenden
Mitarbeiters
befindlichen
Innovationen
Kohlendioxid
norwegischen
Ostdeutschen
Nationalpark
herrschenden
In der Regel
Aufarbeitung
wiederholten
rückläufig
orientierten
westdeutsche
Hauptstraße
Gegenspieler
bescheidenen
profitierten
Zuwachsraten
Archivierung
angestrebten
teilzunehmen
Jahresumsatz
ausgehandelt
steuerlichen
geschätzten
jugendlichen
Hamburger SV
detaillierte
finanzieller
Überwindung
ausgewählte
Informationen
europäischen
unter anderem
verschiedenen
Vergangenheit
Verhandlungen
öffentlichen
amerikanische
Verantwortung
französische
entsprechende
Investitionen
abgeschlossen
Bundeskanzler
anschließend
Veranstaltung
ausgesprochen
Vorstellungen
Einschätzung
italienischen
ursprünglich
unterstützen
durchgeführt
Voraussetzung
international
Innenminister
Einrichtungen
ausländische
überraschend
persönlichen
verabschiedet
ausdrücklich
präsentieren
Anforderungen
Verhältnisse
zusätzlichen
vorgeschlagen
Niedersachsen
beschäftigen
Kommunikation
Bundesländer
Europäischen
entscheidende
Düsseldorfer
unterscheiden
Überlegungen
Stellungnahme
Demonstranten
Notwendigkeit
Dokumentation
Einstellungen
Institutionen
erfolgreichen
konzentrieren
Bundestrainer
militärische
Beschäftigte
International
ausgezeichnet
Interessenten
Gerechtigkeit
Spekulationen
von Anfang an
Konzentration
verschiedener
untergebracht
Demonstration
EU-Kommission
Krankenkassen
Entwicklungen
Eigenschaften
unterzeichnet
Anschließend
Verlängerung
Angelegenheit
elektronische
Infrastruktur
Deutsche Bank
Verpflichtung
Streitkräfte
Kriminalität
zurückkehren
ökologischen
durchzusetzen
westdeutschen
traditionelle
Überraschung
unterscheidet
evangelischen
normalerweise
präsentierte
ungewöhnlich
Durchführung
überflüssig
kontrollieren
Überprüfung
demokratische
öffentlicher
konservativen
Qualifikation
Enttäuschung
Partnerschaft
Dialogfenster
Arbeitsgruppe
verständlich
mit Blick auf
Gesetzentwurf
Anstrengungen
unabhängigen
Flüchtlingen
angeschlossen
Ausstellungen
organisierten
diesjährigen
Abhängigkeit
europäischer
demonstrieren
interessieren
Meisterschaft
Dresdner Bank
Beteiligungen
Fraktionschef
Außenpolitik
Zusammenbruch
literarischen
Vorstandschef
medizinischen
funktionieren
Präsentation
geschlossenen
Lateinamerika
zwangsläufig
Quadratmetern
nichts zu tun
untereinander
US-Präsident
stattgefunden
transportiert
Österreicher
Erkenntnissen
Nachbarschaft
musikalischen
verwirklichen
Ursprünglich
ökonomischen
individuellen
bürgerlichen
Chefredakteur
identifiziert
umfangreichen
einigermaßen
gefährlichen
ausgewählten
bedeutendsten
afrikanischen
ausschließen
Konservativen
Viertelfinale
rechtfertigen
Prozentpunkte
verabschieden
VfB Stuttgart
nachträglich
Bundesverband
Unter anderem
strategischen
Weiterbildung
Zeitschriften
Olympiasieger
mittelfristig
angekündigte
Uraufführung
Telefonnummer
Konfrontation
tschechischen
beschäftigte
Organisatoren
Flexibilität
mutmaßlichen
einverstanden
Kindergärten
Evangelischen
vollständige
festzustellen
Einstiegsbild
Buchungskreis
Beobachtungen
gewöhnlichen
interessierte
Niederländer
zurückziehen
langjährigen
Protagonisten
langfristigen
interpretiert
industriellen
Staatskanzlei
Argumentation
Bundesbürger
Einwohnerzahl
Fernsehsender
Ausführungen
herausgegeben
Ausgangspunkt
spezialisiert
Gleichgewicht
eingeschaltet
Spitzenreiter
Bürgerschaft
erfolgreicher
San Francisco
einheitlichen
Erleichterung
Brandenburger
gegenwärtige
erforderliche
gegeneinander
unterstützte
hervorragende
komplizierten
SPD-Politiker
beschleunigen
kennengelernt
Umlaufrendite
Systematische
Schülerinnen
Unterbringung
problematisch
dokumentieren
kommerziellen
beschlagnahmt
Bundesstraße
Jahrhunderten
Mitarbeiterin
Lebensmitteln
Ludwigsburger
Arbeitnehmern
Konzernumsatz
Gruppierungen
vorausgesetzt
Weltrangliste
tatsächliche
CDU-Politiker
Aufführungen
Jahreswechsel
persönlicher
Rückführung
Norbert Blüm
gleichnamigen
beschlossenen
Transaktionen
unmittelbaren
qualifizierte
Sozialpolitik
australischen
unmittelbarer
zweitgrößte
vorzubereiten
gescheiterten
selbstbewußt
Ausschreibung
Bauwirtschaft
Führerschein
Sondersitzung
Weißrußland
Angela Merkel
Finanzpolitik
bevorstehende
weitergegeben
einheimischen
Widersprüche
nebeneinander
gefährlicher
Personalabbau
Grundgesetzes
Saudi-Arabien
Hintergründe
abgeschnitten
Beschränkung
unverzüglich
Nationalisten
Personenwagen
Bundesanstalt
Polizeibeamte
Mercedes-Benz
ausgeschieden
Schnittstelle
vielfältigen
Verschärfung
Nationalismus
Normalerweise
bemerkenswert
Überlebenden
Landesverband
Bebauungsplan
Großstädten
auszugleichen
Christian Ude
eindrucksvoll
grünes Licht
sicherstellen
Darstellungen
Hauptquartier
Europameister
zusätzlicher
regelmäßige
widersprechen
nachfolgenden
Interessierte
Erschließung
buchstäblich
beträchtlich
Arbeitszeiten
spektakuläre
verständigen
eingeschlagen
betrieblichen
Kompositionen
protestierten
Kooperationen
körperlichen
Werder Bremen
beispielsweise
amerikanischen
Zusammenarbeit
Bürgermeister
französischen
Unterstützung
Bundesrepublik
Arbeitsplätze
Möglichkeiten
internationale
entsprechenden
verantwortlich
wahrscheinlich
Beschäftigten
Gewerkschaften
Außenminister
offensichtlich
Geschäftsjahr
Entscheidungen
grundsätzlich
Schriftsteller
Finanzminister
Veränderungen
ausgeschlossen
Untersuchungen
ausländischen
Ostdeutschland
Regierungschef
traditionellen
Organisationen
Beschäftigung
Landwirtschaft
Arbeitsschritt
Währungsunion
hauptsächlich
entscheidenden
Universitäten
Gesellschaften
Aufmerksamkeit
militärischen
Bundesländern
Internationale
Privatisierung
demokratischen
elektronischen
Menschenrechte
Palästinenser
wirtschaftlich
eine Reihe von
auf jeden Fall
Tschetschenien
vorübergehend
Frankfurt/Main
amerikanischer
überschritten
Schiedsrichter
gegenwärtigen
zuversichtlich
Versicherungen
sichergestellt
gleichermaßen
Stellvertreter
Sachsen-Anhalt
Vizepräsident
erforderlichen
gekennzeichnet
Deutschen Bank
Modernisierung
ausländischer
Pressesprecher
gewährleistet
Zurückhaltung
zurückgekehrt
Entschädigung
Gesellschafter
Umweltminister
eingeschränkt
bevorstehenden
zurückgezogen
Globalisierung
Bundestagswahl
Vereinbarungen
Interpretation
bekanntgegeben
Krankenhäuser
Justizminister
französischer
Parlamentarier
Wahrscheinlich
herkömmlichen
künstlerische
Vorbereitungen
Mehrwertsteuer
Edmund Stoiber
unterschrieben
tatsächlichen
Konsolidierung
Schauspielerin
Verbesserungen
Mitgliedschaft
Unterschriften
angekündigten
gegebenenfalls
verabschiedete
gewährleisten
Einschränkung
Rechtsprechung
entsprechender
Polizeiangaben
gewissermaßen
gerechtfertigt
spektakulären
erwirtschaftet
jugoslawischen
zurückhaltend
Verhältnissen
durchzuführen
Befürchtungen
Kaiserslautern
Zusammenhänge
fertiggestellt
bereitgestellt
Produktivität
kontinuierlich
Beispielsweise
Grundsätzlich
Fachhochschule
ungewöhnliche
Verabschiedung
hintereinander
Kommunalwahlen
Souveränität
Westjordanland
Vergewaltigung
Kultusminister
ursprüngliche
Verwirklichung
Millionenhöhe
identifizieren
Inflationsrate
sozialistische
Fertigstellung
Geschäftsmann
regelmäßigen
transportieren
Jacques Chirac
diplomatischen
Verständigung
Wiederaufnahme
größtenteils
eigenständige
Olympiastadion
interessierten
Unterzeichnung
Nachkriegszeit
Attraktivität
vergleichbaren
kontrollierten
ehemaligen DDR
vermeintlichen
kommunistische
entsprechendes
Gewerkschafter
Stadtparlament
Saddam Hussein
überschreiten
Sicherheitsrat
Unterdrückung
Nahrungsmittel
verschlechtert
repräsentiert
präsentierten
Zuständigkeit
Sparmaßnahmen
nachdrücklich
herausgefunden
Arbeitskräfte
Entschuldigung
Vorgehensweise
eingeschlossen
Menschlichkeit
ausgeschrieben
demonstrierten
Personalkosten
Antisemitismus
Landtagswahlen
Aufzeichnungen
Stabilisierung
vollständigen
zurückgreifen
prognostiziert
Staatsanwälte
Offensichtlich
professionelle
vorgeschrieben
Sozialdemokrat
Nebenwirkungen
überraschende
jahrzehntelang
psychologische
Abschreibungen
Bundesregierung
internationalen
Öffentlichkeit
Wissenschaftler
Großbritannien
möglicherweise
ausschließlich
Schwierigkeiten
wirtschaftliche
voraussichtlich
berücksichtigt
Voraussetzungen
in erster Linie
Landesregierung
Darüber hinaus
Veranstaltungen
veröffentlicht
beziehungsweise
einschließlich
Unabhängigkeit
Internationalen
Pressekonferenz
Premierminister
unterschiedlich
Geschwindigkeit
im Gegensatz zu
Staatssekretär
Arbeitsplätzen
Stadtverwaltung
achtziger Jahre
Westdeutschland
Herausforderung
zurückgewiesen
zurückgegangen
Marktwirtschaft
ursprünglichen
sozialistischen
internationaler
Lohnfortzahlung
vergleichsweise
Regierungschefs
kommunistischen
Nationalspieler
Zusammenschluß
Persönlichkeit
Öffnungszeiten
Rheinland-Pfalz
Demonstrationen
Möglicherweise
Liberalisierung
auszuschließen
künstlerischen
siebziger Jahre
Volkshochschule
Staatsregierung
zusammengefaßt
Größenordnung
Bayern München
Friedensprozeß
auf keinen Fall
Joschka Fischer
neunziger Jahre
Zusammensetzung
Verpflichtungen
Polizeisprecher
Angelegenheiten
Bündnisgrünen
Palästinensern
Geschäftsleute
sechziger Jahre
in Wirklichkeit
bundesdeutschen
in letzter Zeit
beeinträchtigt
ungewöhnlichen
Intellektuellen
Umweltschützer
Krankenhäusern
Überraschungen
Freiheitsstrafe
internationales
Meisterschaften
grundsätzliche
Kirchengemeinde
erfolgreichsten
Potsdamer Platz
In- und Ausland
zurückgetreten
zurückgenommen
Ausschreitungen
anschließenden
Diskriminierung
brasilianischen
Beratungsstelle
Kriminalpolizei
Schwangerschaft
Auftragseingang
Hunderttausende
festgeschrieben
Günter Rexrodt
Volkswirtschaft
vernachlässigt
Prenzlauer Berg
Repräsentanten
fortgeschrieben
Bürgermeisters
zurückzukehren
Wahlbeteiligung
verschiedensten
professionellen
überraschenden
vorangegangenen
unverständlich
Rems-Murr-Kreis
Bundesverbandes
Straßenverkehr
Volksabstimmung
Arbeitslosigkeit
Sozialdemokraten
wirtschaftlichen
unterschiedliche
stellvertretende
Dienstleistungen
durchschnittlich
Hauptversammlung
Verantwortlichen
zurückzuführen
Generalsekretär
Bundespräsident
Staatspräsident
Landeshauptstadt
berücksichtigen
veröffentlichte
Innenministerium
Christdemokraten
Oskar Lafontaine
Bezirksausschuß
Glaubwürdigkeit
außerordentlich
siebziger Jahren
achtziger Jahren
österreichische
niederländische
unwahrscheinlich
Kapitalerhöhung
Rudolf Scharping
zusammenarbeiten
sechziger Jahren
Wissenschaftlern
wirtschaftlicher
Waffenstillstand
Jahrtausendwende
Fluggesellschaft
wissenschaftlich
Parlamentswahlen
Abgeordnetenhaus
zusammengestellt
Einschränkungen
Betriebsergebnis
Geschäftsjahres
Umstrukturierung
Übereinstimmung
Deutsche Telekom
Titelverteidiger
osteuropäischen
veröffentlichen
Champions League
Selbständigkeit
Mönchengladbach
parlamentarische
Gesundheitswesen
Jahrhundertwende
Abteilungsleiter
zurückliegenden
Bürgermeisterin
Fundamentalisten
Mitgliedsstaaten
Verkehrsminister
Eberhard Diepgen
Pressemitteilung
Oberstaatsanwalt
schätzungsweise
Führungskräfte
Regierungspartei
fünfziger Jahre
Bayer Leverkusen
aufrechterhalten
Friedrichstraße
Geschäftsführer
unterschiedlichen
Gerhard Schröder
veröffentlichten
österreichischen
wissenschaftliche
Zweiten Weltkrieg
Wiedervereinigung
niederländischen
Vorstandsmitglied
Veröffentlichung
Telekommunikation
durchschnittliche
gesellschaftliche
Rahmenbedingungen
Weltmeisterschaft
Frankfurt am Main
Legislaturperiode
stellvertretender
Koalitionspartner
unterschiedlicher
Jahresüberschuß
Untersuchungshaft
Bürgerinitiative
Berücksichtigung
Selbstbewußtsein
Finanzministerium
Persönlichkeiten
Borussia Dortmund
stellvertretenden
parlamentarischen
Berichterstattung
Verfassungsschutz
Körperverletzung
Vorjahreszeitraum
Umweltministerium
Außenministerium
Herausforderungen
palästinensische
fünfziger Jahren
Arbeitslosenquote
zeitgenössischen
Bundesgerichtshof
deutschsprachigen
tschetschenischen
Oberlandesgericht
Weiterentwicklung
niedersächsische
Funktionsbaustein
Vorstandssprecher
Geschäftsbereich
Gesprächspartner
Wiederherstellung
Mittelfeldspieler
Entwicklungshilfe
Innenministeriums
SPD-Fraktionschef
US-amerikanischen
mittelständische
Kultusministerium
Gesundheitsreform
mittelalterlichen
Ministerpräsident
Staatsanwaltschaft
Baden-Württemberg
Oberbürgermeister
Auseinandersetzung
Vereinten Nationen
Nachrichtenagentur
gesellschaftlichen
wissenschaftlichen
Schleswig-Holstein
Nationalmannschaft
palästinensischen
Geschäftsführung
Wirtschaftspolitik
Pflegeversicherung
Rentenversicherung
Verwaltungsgericht
Europäische Union
niedersächsischen
Wahrscheinlichkeit
Wolfgang Schäuble
durchschnittlichen
Sicherheitskräfte
Aktiengesellschaft
Regierungssprecher
Olympischen Spiele
FC Bayern München
Sozialversicherung
Bundespräsidenten
außerordentlichen
Automobilindustrie
mittelständischen
Verfassungsgericht
Bundesanwaltschaft
Tarifverhandlungen
Slobodan Milosevic
wissenschaftlicher
Staatspräsidenten
Fluggesellschaften
Michael Schumacher
Vereinigten Staaten
selbstverständlich
Europäischen Union
Nordrhein-Westfalen
Wirtschaftsminister
Arbeitsgemeinschaft
Bosnien-Herzegowina
Krankenversicherung
Wirtschaftswachstum
Staatsbürgerschaft
Nationalsozialismus
Olympischen Spielen
Leistungsfähigkeit
Europameisterschaft
Tochtergesellschaft
Bundesinnenminister
Regierungskoalition
sozialdemokratische
Eintracht Frankfurt
Steuerhinterziehung
Entwicklungsländer
Nationalsozialisten
zusammengeschlossen
Ministerpräsidenten
Auseinandersetzungen
neuen Bundesländern
Vorstandsvorsitzende
Bundesfinanzminister
öffentlichen Dienst
auf den ersten Blick
sozialdemokratischen
Bündnis für Arbeit
Regierungspräsidium
Ermittlungsverfahren
Bundesaußenminister
Fraktionsvorsitzende
Geschäftstätigkeit
Entwicklungsländern
landwirtschaftlichen
Verteidigungsminister
Vorstandsvorsitzender
Wettbewerbsfähigkeit
Einführungsleitfaden
Mitgliederversammlung
Süddeutschen Zeitung
überdurchschnittlich
Mecklenburg-Vorpommern
ehemaligen Jugoslawien
Wirtschaftsministerium
Untersuchungsausschuß
Öffentlichkeitsarbeit
Bündnis 90/Die Grünen
öffentlich-rechtlichen
baden-württembergische
Bundesverfassungsgericht
baden-württembergischen
Verteidigungsministerium
Bundesanstalt für Arbeit
Bundesverfassungsgerichts
Bundeswirtschaftsminister
Bundesrepublik Deutschland
Menschenrechtsverletzungen
Stadtverordnetenversammlung
